info: Server started at http://localhost:3000/api/v1/ {"timestamp":"2023-05-10T10:32:16.610Z"}
error: Could not connect to the database. querySrv ECONNREFUSED _mongodb._tcp.demo.aoloa.mongodb.net {"code":"ECONNREFUSED","hostname":"_mongodb._tcp.demo.aoloa.mongodb.net","stack":"Error: querySrv ECONNREFUSED _mongodb._tcp.demo.aoloa.mongodb.net\n    at QueryReqWrap.onresolve [as oncomplete] (node:internal/dns/callback_resolver:47:19)","syscall":"querySrv","timestamp":"2023-05-10T10:32:16.621Z"}
info: Server started at http://localhost:3000/api/v1/ {"timestamp":"2023-05-10T10:33:35.223Z"}
error: Could not connect to the database. querySrv ECONNREFUSED _mongodb._tcp.demo.aoloa.mongodb.net {"code":"ECONNREFUSED","hostname":"_mongodb._tcp.demo.aoloa.mongodb.net","stack":"Error: querySrv ECONNREFUSED _mongodb._tcp.demo.aoloa.mongodb.net\n    at QueryReqWrap.onresolve [as oncomplete] (node:internal/dns/callback_resolver:47:19)","syscall":"querySrv","timestamp":"2023-05-10T10:33:35.234Z"}
info: Server started at http://localhost:3000/api/v1/ {"timestamp":"2023-05-10T10:35:08.615Z"}
error: Could not connect to the database. querySrv ECONNREFUSED _mongodb._tcp.demo.aoloa.mongodb.net {"code":"ECONNREFUSED","hostname":"_mongodb._tcp.demo.aoloa.mongodb.net","stack":"Error: querySrv ECONNREFUSED _mongodb._tcp.demo.aoloa.mongodb.net\n    at QueryReqWrap.onresolve [as oncomplete] (node:internal/dns/callback_resolver:47:19)","syscall":"querySrv","timestamp":"2023-05-10T10:35:08.626Z"}
info: Server started at http://localhost:3000/api/v1/ {"timestamp":"2023-05-10T10:36:49.454Z"}
error: uncaughtException: Router.use() requires a middleware function but got a Object
TypeError: Router.use() requires a middleware function but got a Object
    at Function.use (D:\AggregationPipelineDemo\node_modules\express\lib\router\index.js:469:13)
    at routes (D:\AggregationPipelineDemo\src\routes\/index.js:14:10)
    at Object.<anonymous> (D:\AggregationPipelineDemo\src\/index.js:32:38)
    at Module._compile (node:internal/modules/cjs/loader:1254:14)
    at Module._compile (D:\AggregationPipelineDemo\node_modules\pirates\lib\index.js:136:24)
    at Module._extensions..js (node:internal/modules/cjs/loader:1308:10)
    at Object.newLoader [as .js] (D:\AggregationPipelineDemo\node_modules\pirates\lib\index.js:141:7)
    at Module.load (node:internal/modules/cjs/loader:1117:32)
    at Function.Module._load (node:internal/modules/cjs/loader:958:12)
    at Function.runMain (node:internal/modules/run_main:81:12)
    at Object.<anonymous> (D:\AggregationPipelineDemo\node_modules\@babel\node\src\_babel-node.ts:223:12)
    at Module._compile (node:internal/modules/cjs/loader:1254:14)
    at Object.Module._extensions..js (node:internal/modules/cjs/loader:1308:10)
    at Module.load (node:internal/modules/cjs/loader:1117:32)
    at Function.Module._load (node:internal/modules/cjs/loader:958:12)
    at Function.executeUserEntryPoint [as runMain] (node:internal/modules/run_main:81:12)
    at node:internal/main/run_main_module:23:47 {"date":"Wed May 10 2023 16:08:01 GMT+0530 (India Standard Time)","error":{},"exception":true,"os":{"loadavg":[0,0,0],"uptime":27188.359},"process":{"argv":["node","D:\\AggregationPipelineDemo\\src\\index.js"],"cwd":"D:\\AggregationPipelineDemo","execPath":"C:\\Program Files\\nodejs\\node.exe","gid":null,"memoryUsage":{"arrayBuffers":18625212,"external":20143014,"heapTotal":89358336,"heapUsed":50284168,"rss":126431232},"pid":10140,"uid":null,"version":"v18.16.0"},"stack":"TypeError: Router.use() requires a middleware function but got a Object\n    at Function.use (D:\\AggregationPipelineDemo\\node_modules\\express\\lib\\router\\index.js:469:13)\n    at routes (D:\\AggregationPipelineDemo\\src\\routes\\/index.js:14:10)\n    at Object.<anonymous> (D:\\AggregationPipelineDemo\\src\\/index.js:32:38)\n    at Module._compile (node:internal/modules/cjs/loader:1254:14)\n    at Module._compile (D:\\AggregationPipelineDemo\\node_modules\\pirates\\lib\\index.js:136:24)\n    at Module._extensions..js (node:internal/modules/cjs/loader:1308:10)\n    at Object.newLoader [as .js] (D:\\AggregationPipelineDemo\\node_modules\\pirates\\lib\\index.js:141:7)\n    at Module.load (node:internal/modules/cjs/loader:1117:32)\n    at Function.Module._load (node:internal/modules/cjs/loader:958:12)\n    at Function.runMain (node:internal/modules/run_main:81:12)\n    at Object.<anonymous> (D:\\AggregationPipelineDemo\\node_modules\\@babel\\node\\src\\_babel-node.ts:223:12)\n    at Module._compile (node:internal/modules/cjs/loader:1254:14)\n    at Object.Module._extensions..js (node:internal/modules/cjs/loader:1308:10)\n    at Module.load (node:internal/modules/cjs/loader:1117:32)\n    at Function.Module._load (node:internal/modules/cjs/loader:958:12)\n    at Function.executeUserEntryPoint [as runMain] (node:internal/modules/run_main:81:12)\n    at node:internal/main/run_main_module:23:47","timestamp":"2023-05-10T10:38:01.704Z","trace":[{"column":13,"file":"D:\\AggregationPipelineDemo\\node_modules\\express\\lib\\router\\index.js","function":"Function.use","line":469,"method":"use","native":false},{"column":10,"file":"D:\\AggregationPipelineDemo\\src\\routes\\/index.js","function":"routes","line":14,"method":null,"native":false},{"column":38,"file":"D:\\AggregationPipelineDemo\\src\\/index.js","function":null,"line":32,"method":null,"native":false},{"column":14,"file":"node:internal/modules/cjs/loader","function":"Module._compile","line":1254,"method":"_compile","native":false},{"column":24,"file":"D:\\AggregationPipelineDemo\\node_modules\\pirates\\lib\\index.js","function":"Module._compile","line":136,"method":"_compile","native":false},{"column":10,"file":"node:internal/modules/cjs/loader","function":"Module._extensions..js","line":1308,"method":".js","native":false},{"column":7,"file":"D:\\AggregationPipelineDemo\\node_modules\\pirates\\lib\\index.js","function":"Object.newLoader [as .js]","line":141,"method":"js]","native":false},{"column":32,"file":"node:internal/modules/cjs/loader","function":"Module.load","line":1117,"method":"load","native":false},{"column":12,"file":"node:internal/modules/cjs/loader","function":"Module._load","line":958,"method":"_load","native":false},{"column":12,"file":"node:internal/modules/run_main","function":"Function.runMain","line":81,"method":"runMain","native":false},{"column":12,"file":"D:\\AggregationPipelineDemo\\node_modules\\@babel\\node\\src\\_babel-node.ts","function":null,"line":223,"method":null,"native":false},{"column":14,"file":"node:internal/modules/cjs/loader","function":"Module._compile","line":1254,"method":"_compile","native":false},{"column":10,"file":"node:internal/modules/cjs/loader","function":"Module._extensions..js","line":1308,"method":".js","native":false},{"column":32,"file":"node:internal/modules/cjs/loader","function":"Module.load","line":1117,"method":"load","native":false},{"column":12,"file":"node:internal/modules/cjs/loader","function":"Module._load","line":958,"method":"_load","native":false},{"column":12,"file":"node:internal/modules/run_main","function":"Function.executeUserEntryPoint [as runMain]","line":81,"method":"executeUserEntryPoint [as runMain]","native":false},{"column":47,"file":"node:internal/main/run_main_module","function":null,"line":23,"method":null,"native":false}]}
error: uncaughtException: Router.use() requires a middleware function but got a Object
TypeError: Router.use() requires a middleware function but got a Object
    at Function.use (D:\AggregationPipelineDemo\node_modules\express\lib\router\index.js:469:13)
    at routes (D:\AggregationPipelineDemo\src\routes\/index.js:14:10)
    at Object.<anonymous> (D:\AggregationPipelineDemo\src\/index.js:32:38)
    at Module._compile (node:internal/modules/cjs/loader:1254:14)
    at Module._compile (D:\AggregationPipelineDemo\node_modules\pirates\lib\index.js:136:24)
    at Module._extensions..js (node:internal/modules/cjs/loader:1308:10)
    at Object.newLoader [as .js] (D:\AggregationPipelineDemo\node_modules\pirates\lib\index.js:141:7)
    at Module.load (node:internal/modules/cjs/loader:1117:32)
    at Function.Module._load (node:internal/modules/cjs/loader:958:12)
    at Function.runMain (node:internal/modules/run_main:81:12)
    at Object.<anonymous> (D:\AggregationPipelineDemo\node_modules\@babel\node\src\_babel-node.ts:223:12)
    at Module._compile (node:internal/modules/cjs/loader:1254:14)
    at Object.Module._extensions..js (node:internal/modules/cjs/loader:1308:10)
    at Module.load (node:internal/modules/cjs/loader:1117:32)
    at Function.Module._load (node:internal/modules/cjs/loader:958:12)
    at Function.executeUserEntryPoint [as runMain] (node:internal/modules/run_main:81:12)
    at node:internal/main/run_main_module:23:47 {"date":"Wed May 10 2023 16:09:07 GMT+0530 (India Standard Time)","error":{},"exception":true,"os":{"loadavg":[0,0,0],"uptime":27254.656},"process":{"argv":["node","D:\\AggregationPipelineDemo\\src\\index.js"],"cwd":"D:\\AggregationPipelineDemo","execPath":"C:\\Program Files\\nodejs\\node.exe","gid":null,"memoryUsage":{"arrayBuffers":18887769,"external":20405571,"heapTotal":90931200,"heapUsed":52222928,"rss":127959040},"pid":10084,"uid":null,"version":"v18.16.0"},"stack":"TypeError: Router.use() requires a middleware function but got a Object\n    at Function.use (D:\\AggregationPipelineDemo\\node_modules\\express\\lib\\router\\index.js:469:13)\n    at routes (D:\\AggregationPipelineDemo\\src\\routes\\/index.js:14:10)\n    at Object.<anonymous> (D:\\AggregationPipelineDemo\\src\\/index.js:32:38)\n    at Module._compile (node:internal/modules/cjs/loader:1254:14)\n    at Module._compile (D:\\AggregationPipelineDemo\\node_modules\\pirates\\lib\\index.js:136:24)\n    at Module._extensions..js (node:internal/modules/cjs/loader:1308:10)\n    at Object.newLoader [as .js] (D:\\AggregationPipelineDemo\\node_modules\\pirates\\lib\\index.js:141:7)\n    at Module.load (node:internal/modules/cjs/loader:1117:32)\n    at Function.Module._load (node:internal/modules/cjs/loader:958:12)\n    at Function.runMain (node:internal/modules/run_main:81:12)\n    at Object.<anonymous> (D:\\AggregationPipelineDemo\\node_modules\\@babel\\node\\src\\_babel-node.ts:223:12)\n    at Module._compile (node:internal/modules/cjs/loader:1254:14)\n    at Object.Module._extensions..js (node:internal/modules/cjs/loader:1308:10)\n    at Module.load (node:internal/modules/cjs/loader:1117:32)\n    at Function.Module._load (node:internal/modules/cjs/loader:958:12)\n    at Function.executeUserEntryPoint [as runMain] (node:internal/modules/run_main:81:12)\n    at node:internal/main/run_main_module:23:47","timestamp":"2023-05-10T10:39:07.996Z","trace":[{"column":13,"file":"D:\\AggregationPipelineDemo\\node_modules\\express\\lib\\router\\index.js","function":"Function.use","line":469,"method":"use","native":false},{"column":10,"file":"D:\\AggregationPipelineDemo\\src\\routes\\/index.js","function":"routes","line":14,"method":null,"native":false},{"column":38,"file":"D:\\AggregationPipelineDemo\\src\\/index.js","function":null,"line":32,"method":null,"native":false},{"column":14,"file":"node:internal/modules/cjs/loader","function":"Module._compile","line":1254,"method":"_compile","native":false},{"column":24,"file":"D:\\AggregationPipelineDemo\\node_modules\\pirates\\lib\\index.js","function":"Module._compile","line":136,"method":"_compile","native":false},{"column":10,"file":"node:internal/modules/cjs/loader","function":"Module._extensions..js","line":1308,"method":".js","native":false},{"column":7,"file":"D:\\AggregationPipelineDemo\\node_modules\\pirates\\lib\\index.js","function":"Object.newLoader [as .js]","line":141,"method":"js]","native":false},{"column":32,"file":"node:internal/modules/cjs/loader","function":"Module.load","line":1117,"method":"load","native":false},{"column":12,"file":"node:internal/modules/cjs/loader","function":"Module._load","line":958,"method":"_load","native":false},{"column":12,"file":"node:internal/modules/run_main","function":"Function.runMain","line":81,"method":"runMain","native":false},{"column":12,"file":"D:\\AggregationPipelineDemo\\node_modules\\@babel\\node\\src\\_babel-node.ts","function":null,"line":223,"method":null,"native":false},{"column":14,"file":"node:internal/modules/cjs/loader","function":"Module._compile","line":1254,"method":"_compile","native":false},{"column":10,"file":"node:internal/modules/cjs/loader","function":"Module._extensions..js","line":1308,"method":".js","native":false},{"column":32,"file":"node:internal/modules/cjs/loader","function":"Module.load","line":1117,"method":"load","native":false},{"column":12,"file":"node:internal/modules/cjs/loader","function":"Module._load","line":958,"method":"_load","native":false},{"column":12,"file":"node:internal/modules/run_main","function":"Function.executeUserEntryPoint [as runMain]","line":81,"method":"executeUserEntryPoint [as runMain]","native":false},{"column":47,"file":"node:internal/main/run_main_module","function":null,"line":23,"method":null,"native":false}]}
info: Server started at http://localhost:3000/api/v1/ {"timestamp":"2023-05-10T10:44:12.723Z"}
info: Server started at http://localhost:3000/api/v1/ {"timestamp":"2023-05-10T10:45:15.096Z"}
error: uncaughtException: Router.use() requires a middleware function but got a Object
TypeError: Router.use() requires a middleware function but got a Object
    at Function.use (D:\AggregationPipelineDemo\node_modules\express\lib\router\index.js:469:13)
    at routes (D:\AggregationPipelineDemo\src\routes\/index.js:14:10)
    at Object.<anonymous> (D:\AggregationPipelineDemo\src\/index.js:32:38)
    at Module._compile (node:internal/modules/cjs/loader:1254:14)
    at Module._compile (D:\AggregationPipelineDemo\node_modules\pirates\lib\index.js:136:24)
    at Module._extensions..js (node:internal/modules/cjs/loader:1308:10)
    at Object.newLoader [as .js] (D:\AggregationPipelineDemo\node_modules\pirates\lib\index.js:141:7)
    at Module.load (node:internal/modules/cjs/loader:1117:32)
    at Function.Module._load (node:internal/modules/cjs/loader:958:12)
    at Function.runMain (node:internal/modules/run_main:81:12)
    at Object.<anonymous> (D:\AggregationPipelineDemo\node_modules\@babel\node\src\_babel-node.ts:223:12)
    at Module._compile (node:internal/modules/cjs/loader:1254:14)
    at Object.Module._extensions..js (node:internal/modules/cjs/loader:1308:10)
    at Module.load (node:internal/modules/cjs/loader:1117:32)
    at Function.Module._load (node:internal/modules/cjs/loader:958:12)
    at Function.executeUserEntryPoint [as runMain] (node:internal/modules/run_main:81:12)
    at node:internal/main/run_main_module:23:47 {"date":"Wed May 10 2023 16:15:36 GMT+0530 (India Standard Time)","error":{},"exception":true,"os":{"loadavg":[0,0,0],"uptime":27642.718},"process":{"argv":["node","D:\\AggregationPipelineDemo\\src\\index.js"],"cwd":"D:\\AggregationPipelineDemo","execPath":"C:\\Program Files\\nodejs\\node.exe","gid":null,"memoryUsage":{"arrayBuffers":18748692,"external":20266494,"heapTotal":93028352,"heapUsed":50466056,"rss":130461696},"pid":11124,"uid":null,"version":"v18.16.0"},"stack":"TypeError: Router.use() requires a middleware function but got a Object\n    at Function.use (D:\\AggregationPipelineDemo\\node_modules\\express\\lib\\router\\index.js:469:13)\n    at routes (D:\\AggregationPipelineDemo\\src\\routes\\/index.js:14:10)\n    at Object.<anonymous> (D:\\AggregationPipelineDemo\\src\\/index.js:32:38)\n    at Module._compile (node:internal/modules/cjs/loader:1254:14)\n    at Module._compile (D:\\AggregationPipelineDemo\\node_modules\\pirates\\lib\\index.js:136:24)\n    at Module._extensions..js (node:internal/modules/cjs/loader:1308:10)\n    at Object.newLoader [as .js] (D:\\AggregationPipelineDemo\\node_modules\\pirates\\lib\\index.js:141:7)\n    at Module.load (node:internal/modules/cjs/loader:1117:32)\n    at Function.Module._load (node:internal/modules/cjs/loader:958:12)\n    at Function.runMain (node:internal/modules/run_main:81:12)\n    at Object.<anonymous> (D:\\AggregationPipelineDemo\\node_modules\\@babel\\node\\src\\_babel-node.ts:223:12)\n    at Module._compile (node:internal/modules/cjs/loader:1254:14)\n    at Object.Module._extensions..js (node:internal/modules/cjs/loader:1308:10)\n    at Module.load (node:internal/modules/cjs/loader:1117:32)\n    at Function.Module._load (node:internal/modules/cjs/loader:958:12)\n    at Function.executeUserEntryPoint [as runMain] (node:internal/modules/run_main:81:12)\n    at node:internal/main/run_main_module:23:47","timestamp":"2023-05-10T10:45:36.051Z","trace":[{"column":13,"file":"D:\\AggregationPipelineDemo\\node_modules\\express\\lib\\router\\index.js","function":"Function.use","line":469,"method":"use","native":false},{"column":10,"file":"D:\\AggregationPipelineDemo\\src\\routes\\/index.js","function":"routes","line":14,"method":null,"native":false},{"column":38,"file":"D:\\AggregationPipelineDemo\\src\\/index.js","function":null,"line":32,"method":null,"native":false},{"column":14,"file":"node:internal/modules/cjs/loader","function":"Module._compile","line":1254,"method":"_compile","native":false},{"column":24,"file":"D:\\AggregationPipelineDemo\\node_modules\\pirates\\lib\\index.js","function":"Module._compile","line":136,"method":"_compile","native":false},{"column":10,"file":"node:internal/modules/cjs/loader","function":"Module._extensions..js","line":1308,"method":".js","native":false},{"column":7,"file":"D:\\AggregationPipelineDemo\\node_modules\\pirates\\lib\\index.js","function":"Object.newLoader [as .js]","line":141,"method":"js]","native":false},{"column":32,"file":"node:internal/modules/cjs/loader","function":"Module.load","line":1117,"method":"load","native":false},{"column":12,"file":"node:internal/modules/cjs/loader","function":"Module._load","line":958,"method":"_load","native":false},{"column":12,"file":"node:internal/modules/run_main","function":"Function.runMain","line":81,"method":"runMain","native":false},{"column":12,"file":"D:\\AggregationPipelineDemo\\node_modules\\@babel\\node\\src\\_babel-node.ts","function":null,"line":223,"method":null,"native":false},{"column":14,"file":"node:internal/modules/cjs/loader","function":"Module._compile","line":1254,"method":"_compile","native":false},{"column":10,"file":"node:internal/modules/cjs/loader","function":"Module._extensions..js","line":1308,"method":".js","native":false},{"column":32,"file":"node:internal/modules/cjs/loader","function":"Module.load","line":1117,"method":"load","native":false},{"column":12,"file":"node:internal/modules/cjs/loader","function":"Module._load","line":958,"method":"_load","native":false},{"column":12,"file":"node:internal/modules/run_main","function":"Function.executeUserEntryPoint [as runMain]","line":81,"method":"executeUserEntryPoint [as runMain]","native":false},{"column":47,"file":"node:internal/main/run_main_module","function":null,"line":23,"method":null,"native":false}]}
error: uncaughtException: Router.use() requires a middleware function but got a Object
TypeError: Router.use() requires a middleware function but got a Object
    at Function.use (D:\AggregationPipelineDemo\node_modules\express\lib\router\index.js:469:13)
    at routes (D:\AggregationPipelineDemo\src\routes\/index.js:16:10)
    at Object.<anonymous> (D:\AggregationPipelineDemo\src\/index.js:32:38)
    at Module._compile (node:internal/modules/cjs/loader:1254:14)
    at Module._compile (D:\AggregationPipelineDemo\node_modules\pirates\lib\index.js:136:24)
    at Module._extensions..js (node:internal/modules/cjs/loader:1308:10)
    at Object.newLoader [as .js] (D:\AggregationPipelineDemo\node_modules\pirates\lib\index.js:141:7)
    at Module.load (node:internal/modules/cjs/loader:1117:32)
    at Function.Module._load (node:internal/modules/cjs/loader:958:12)
    at Function.runMain (node:internal/modules/run_main:81:12)
    at Object.<anonymous> (D:\AggregationPipelineDemo\node_modules\@babel\node\src\_babel-node.ts:223:12)
    at Module._compile (node:internal/modules/cjs/loader:1254:14)
    at Object.Module._extensions..js (node:internal/modules/cjs/loader:1308:10)
    at Module.load (node:internal/modules/cjs/loader:1117:32)
    at Function.Module._load (node:internal/modules/cjs/loader:958:12)
    at Function.executeUserEntryPoint [as runMain] (node:internal/modules/run_main:81:12)
    at node:internal/main/run_main_module:23:47 {"date":"Wed May 10 2023 16:17:24 GMT+0530 (India Standard Time)","error":{},"exception":true,"os":{"loadavg":[0,0,0],"uptime":27751.203},"process":{"argv":["node","D:\\AggregationPipelineDemo\\src\\index.js"],"cwd":"D:\\AggregationPipelineDemo","execPath":"C:\\Program Files\\nodejs\\node.exe","gid":null,"memoryUsage":{"arrayBuffers":18765542,"external":20283344,"heapTotal":93552640,"heapUsed":50456536,"rss":131575808},"pid":11960,"uid":null,"version":"v18.16.0"},"stack":"TypeError: Router.use() requires a middleware function but got a Object\n    at Function.use (D:\\AggregationPipelineDemo\\node_modules\\express\\lib\\router\\index.js:469:13)\n    at routes (D:\\AggregationPipelineDemo\\src\\routes\\/index.js:16:10)\n    at Object.<anonymous> (D:\\AggregationPipelineDemo\\src\\/index.js:32:38)\n    at Module._compile (node:internal/modules/cjs/loader:1254:14)\n    at Module._compile (D:\\AggregationPipelineDemo\\node_modules\\pirates\\lib\\index.js:136:24)\n    at Module._extensions..js (node:internal/modules/cjs/loader:1308:10)\n    at Object.newLoader [as .js] (D:\\AggregationPipelineDemo\\node_modules\\pirates\\lib\\index.js:141:7)\n    at Module.load (node:internal/modules/cjs/loader:1117:32)\n    at Function.Module._load (node:internal/modules/cjs/loader:958:12)\n    at Function.runMain (node:internal/modules/run_main:81:12)\n    at Object.<anonymous> (D:\\AggregationPipelineDemo\\node_modules\\@babel\\node\\src\\_babel-node.ts:223:12)\n    at Module._compile (node:internal/modules/cjs/loader:1254:14)\n    at Object.Module._extensions..js (node:internal/modules/cjs/loader:1308:10)\n    at Module.load (node:internal/modules/cjs/loader:1117:32)\n    at Function.Module._load (node:internal/modules/cjs/loader:958:12)\n    at Function.executeUserEntryPoint [as runMain] (node:internal/modules/run_main:81:12)\n    at node:internal/main/run_main_module:23:47","timestamp":"2023-05-10T10:47:24.550Z","trace":[{"column":13,"file":"D:\\AggregationPipelineDemo\\node_modules\\express\\lib\\router\\index.js","function":"Function.use","line":469,"method":"use","native":false},{"column":10,"file":"D:\\AggregationPipelineDemo\\src\\routes\\/index.js","function":"routes","line":16,"method":null,"native":false},{"column":38,"file":"D:\\AggregationPipelineDemo\\src\\/index.js","function":null,"line":32,"method":null,"native":false},{"column":14,"file":"node:internal/modules/cjs/loader","function":"Module._compile","line":1254,"method":"_compile","native":false},{"column":24,"file":"D:\\AggregationPipelineDemo\\node_modules\\pirates\\lib\\index.js","function":"Module._compile","line":136,"method":"_compile","native":false},{"column":10,"file":"node:internal/modules/cjs/loader","function":"Module._extensions..js","line":1308,"method":".js","native":false},{"column":7,"file":"D:\\AggregationPipelineDemo\\node_modules\\pirates\\lib\\index.js","function":"Object.newLoader [as .js]","line":141,"method":"js]","native":false},{"column":32,"file":"node:internal/modules/cjs/loader","function":"Module.load","line":1117,"method":"load","native":false},{"column":12,"file":"node:internal/modules/cjs/loader","function":"Module._load","line":958,"method":"_load","native":false},{"column":12,"file":"node:internal/modules/run_main","function":"Function.runMain","line":81,"method":"runMain","native":false},{"column":12,"file":"D:\\AggregationPipelineDemo\\node_modules\\@babel\\node\\src\\_babel-node.ts","function":null,"line":223,"method":null,"native":false},{"column":14,"file":"node:internal/modules/cjs/loader","function":"Module._compile","line":1254,"method":"_compile","native":false},{"column":10,"file":"node:internal/modules/cjs/loader","function":"Module._extensions..js","line":1308,"method":".js","native":false},{"column":32,"file":"node:internal/modules/cjs/loader","function":"Module.load","line":1117,"method":"load","native":false},{"column":12,"file":"node:internal/modules/cjs/loader","function":"Module._load","line":958,"method":"_load","native":false},{"column":12,"file":"node:internal/modules/run_main","function":"Function.executeUserEntryPoint [as runMain]","line":81,"method":"executeUserEntryPoint [as runMain]","native":false},{"column":47,"file":"node:internal/main/run_main_module","function":null,"line":23,"method":null,"native":false}]}
error: uncaughtException: Router.use() requires a middleware function but got a Object
TypeError: Router.use() requires a middleware function but got a Object
    at Function.use (D:\AggregationPipelineDemo\node_modules\express\lib\router\index.js:469:13)
    at routes (D:\AggregationPipelineDemo\src\routes\/index.js:16:10)
    at Object.<anonymous> (D:\AggregationPipelineDemo\src\/index.js:32:38)
    at Module._compile (node:internal/modules/cjs/loader:1254:14)
    at Module._compile (D:\AggregationPipelineDemo\node_modules\pirates\lib\index.js:136:24)
    at Module._extensions..js (node:internal/modules/cjs/loader:1308:10)
    at Object.newLoader [as .js] (D:\AggregationPipelineDemo\node_modules\pirates\lib\index.js:141:7)
    at Module.load (node:internal/modules/cjs/loader:1117:32)
    at Function.Module._load (node:internal/modules/cjs/loader:958:12)
    at Function.runMain (node:internal/modules/run_main:81:12)
    at Object.<anonymous> (D:\AggregationPipelineDemo\node_modules\@babel\node\src\_babel-node.ts:223:12)
    at Module._compile (node:internal/modules/cjs/loader:1254:14)
    at Object.Module._extensions..js (node:internal/modules/cjs/loader:1308:10)
    at Module.load (node:internal/modules/cjs/loader:1117:32)
    at Function.Module._load (node:internal/modules/cjs/loader:958:12)
    at Function.executeUserEntryPoint [as runMain] (node:internal/modules/run_main:81:12)
    at node:internal/main/run_main_module:23:47 {"date":"Wed May 10 2023 16:17:44 GMT+0530 (India Standard Time)","error":{},"exception":true,"os":{"loadavg":[0,0,0],"uptime":27771.359},"process":{"argv":["node","D:\\AggregationPipelineDemo\\src\\index.js"],"cwd":"D:\\AggregationPipelineDemo","execPath":"C:\\Program Files\\nodejs\\node.exe","gid":null,"memoryUsage":{"arrayBuffers":18748692,"external":20266494,"heapTotal":93290496,"heapUsed":50405272,"rss":130461696},"pid":1188,"uid":null,"version":"v18.16.0"},"stack":"TypeError: Router.use() requires a middleware function but got a Object\n    at Function.use (D:\\AggregationPipelineDemo\\node_modules\\express\\lib\\router\\index.js:469:13)\n    at routes (D:\\AggregationPipelineDemo\\src\\routes\\/index.js:16:10)\n    at Object.<anonymous> (D:\\AggregationPipelineDemo\\src\\/index.js:32:38)\n    at Module._compile (node:internal/modules/cjs/loader:1254:14)\n    at Module._compile (D:\\AggregationPipelineDemo\\node_modules\\pirates\\lib\\index.js:136:24)\n    at Module._extensions..js (node:internal/modules/cjs/loader:1308:10)\n    at Object.newLoader [as .js] (D:\\AggregationPipelineDemo\\node_modules\\pirates\\lib\\index.js:141:7)\n    at Module.load (node:internal/modules/cjs/loader:1117:32)\n    at Function.Module._load (node:internal/modules/cjs/loader:958:12)\n    at Function.runMain (node:internal/modules/run_main:81:12)\n    at Object.<anonymous> (D:\\AggregationPipelineDemo\\node_modules\\@babel\\node\\src\\_babel-node.ts:223:12)\n    at Module._compile (node:internal/modules/cjs/loader:1254:14)\n    at Object.Module._extensions..js (node:internal/modules/cjs/loader:1308:10)\n    at Module.load (node:internal/modules/cjs/loader:1117:32)\n    at Function.Module._load (node:internal/modules/cjs/loader:958:12)\n    at Function.executeUserEntryPoint [as runMain] (node:internal/modules/run_main:81:12)\n    at node:internal/main/run_main_module:23:47","timestamp":"2023-05-10T10:47:44.694Z","trace":[{"column":13,"file":"D:\\AggregationPipelineDemo\\node_modules\\express\\lib\\router\\index.js","function":"Function.use","line":469,"method":"use","native":false},{"column":10,"file":"D:\\AggregationPipelineDemo\\src\\routes\\/index.js","function":"routes","line":16,"method":null,"native":false},{"column":38,"file":"D:\\AggregationPipelineDemo\\src\\/index.js","function":null,"line":32,"method":null,"native":false},{"column":14,"file":"node:internal/modules/cjs/loader","function":"Module._compile","line":1254,"method":"_compile","native":false},{"column":24,"file":"D:\\AggregationPipelineDemo\\node_modules\\pirates\\lib\\index.js","function":"Module._compile","line":136,"method":"_compile","native":false},{"column":10,"file":"node:internal/modules/cjs/loader","function":"Module._extensions..js","line":1308,"method":".js","native":false},{"column":7,"file":"D:\\AggregationPipelineDemo\\node_modules\\pirates\\lib\\index.js","function":"Object.newLoader [as .js]","line":141,"method":"js]","native":false},{"column":32,"file":"node:internal/modules/cjs/loader","function":"Module.load","line":1117,"method":"load","native":false},{"column":12,"file":"node:internal/modules/cjs/loader","function":"Module._load","line":958,"method":"_load","native":false},{"column":12,"file":"node:internal/modules/run_main","function":"Function.runMain","line":81,"method":"runMain","native":false},{"column":12,"file":"D:\\AggregationPipelineDemo\\node_modules\\@babel\\node\\src\\_babel-node.ts","function":null,"line":223,"method":null,"native":false},{"column":14,"file":"node:internal/modules/cjs/loader","function":"Module._compile","line":1254,"method":"_compile","native":false},{"column":10,"file":"node:internal/modules/cjs/loader","function":"Module._extensions..js","line":1308,"method":".js","native":false},{"column":32,"file":"node:internal/modules/cjs/loader","function":"Module.load","line":1117,"method":"load","native":false},{"column":12,"file":"node:internal/modules/cjs/loader","function":"Module._load","line":958,"method":"_load","native":false},{"column":12,"file":"node:internal/modules/run_main","function":"Function.executeUserEntryPoint [as runMain]","line":81,"method":"executeUserEntryPoint [as runMain]","native":false},{"column":47,"file":"node:internal/main/run_main_module","function":null,"line":23,"method":null,"native":false}]}
error: uncaughtException: Router.use() requires a middleware function but got a Object
TypeError: Router.use() requires a middleware function but got a Object
    at Function.use (D:\AggregationPipelineDemo\node_modules\express\lib\router\index.js:469:13)
    at routes (D:\AggregationPipelineDemo\src\routes\/index.js:16:10)
    at Object.<anonymous> (D:\AggregationPipelineDemo\src\/index.js:32:38)
    at Module._compile (node:internal/modules/cjs/loader:1254:14)
    at Module._compile (D:\AggregationPipelineDemo\node_modules\pirates\lib\index.js:136:24)
    at Module._extensions..js (node:internal/modules/cjs/loader:1308:10)
    at Object.newLoader [as .js] (D:\AggregationPipelineDemo\node_modules\pirates\lib\index.js:141:7)
    at Module.load (node:internal/modules/cjs/loader:1117:32)
    at Function.Module._load (node:internal/modules/cjs/loader:958:12)
    at Function.runMain (node:internal/modules/run_main:81:12)
    at Object.<anonymous> (D:\AggregationPipelineDemo\node_modules\@babel\node\src\_babel-node.ts:223:12)
    at Module._compile (node:internal/modules/cjs/loader:1254:14)
    at Object.Module._extensions..js (node:internal/modules/cjs/loader:1308:10)
    at Module.load (node:internal/modules/cjs/loader:1117:32)
    at Function.Module._load (node:internal/modules/cjs/loader:958:12)
    at Function.executeUserEntryPoint [as runMain] (node:internal/modules/run_main:81:12)
    at node:internal/main/run_main_module:23:47 {"date":"Wed May 10 2023 16:18:57 GMT+0530 (India Standard Time)","error":{},"exception":true,"os":{"loadavg":[0,0,0],"uptime":27844.171},"process":{"argv":["node","D:\\AggregationPipelineDemo\\src\\index.js"],"cwd":"D:\\AggregationPipelineDemo","execPath":"C:\\Program Files\\nodejs\\node.exe","gid":null,"memoryUsage":{"arrayBuffers":18442219,"external":19960021,"heapTotal":89358336,"heapUsed":49840664,"rss":126365696},"pid":5996,"uid":null,"version":"v18.16.0"},"stack":"TypeError: Router.use() requires a middleware function but got a Object\n    at Function.use (D:\\AggregationPipelineDemo\\node_modules\\express\\lib\\router\\index.js:469:13)\n    at routes (D:\\AggregationPipelineDemo\\src\\routes\\/index.js:16:10)\n    at Object.<anonymous> (D:\\AggregationPipelineDemo\\src\\/index.js:32:38)\n    at Module._compile (node:internal/modules/cjs/loader:1254:14)\n    at Module._compile (D:\\AggregationPipelineDemo\\node_modules\\pirates\\lib\\index.js:136:24)\n    at Module._extensions..js (node:internal/modules/cjs/loader:1308:10)\n    at Object.newLoader [as .js] (D:\\AggregationPipelineDemo\\node_modules\\pirates\\lib\\index.js:141:7)\n    at Module.load (node:internal/modules/cjs/loader:1117:32)\n    at Function.Module._load (node:internal/modules/cjs/loader:958:12)\n    at Function.runMain (node:internal/modules/run_main:81:12)\n    at Object.<anonymous> (D:\\AggregationPipelineDemo\\node_modules\\@babel\\node\\src\\_babel-node.ts:223:12)\n    at Module._compile (node:internal/modules/cjs/loader:1254:14)\n    at Object.Module._extensions..js (node:internal/modules/cjs/loader:1308:10)\n    at Module.load (node:internal/modules/cjs/loader:1117:32)\n    at Function.Module._load (node:internal/modules/cjs/loader:958:12)\n    at Function.executeUserEntryPoint [as runMain] (node:internal/modules/run_main:81:12)\n    at node:internal/main/run_main_module:23:47","timestamp":"2023-05-10T10:48:57.512Z","trace":[{"column":13,"file":"D:\\AggregationPipelineDemo\\node_modules\\express\\lib\\router\\index.js","function":"Function.use","line":469,"method":"use","native":false},{"column":10,"file":"D:\\AggregationPipelineDemo\\src\\routes\\/index.js","function":"routes","line":16,"method":null,"native":false},{"column":38,"file":"D:\\AggregationPipelineDemo\\src\\/index.js","function":null,"line":32,"method":null,"native":false},{"column":14,"file":"node:internal/modules/cjs/loader","function":"Module._compile","line":1254,"method":"_compile","native":false},{"column":24,"file":"D:\\AggregationPipelineDemo\\node_modules\\pirates\\lib\\index.js","function":"Module._compile","line":136,"method":"_compile","native":false},{"column":10,"file":"node:internal/modules/cjs/loader","function":"Module._extensions..js","line":1308,"method":".js","native":false},{"column":7,"file":"D:\\AggregationPipelineDemo\\node_modules\\pirates\\lib\\index.js","function":"Object.newLoader [as .js]","line":141,"method":"js]","native":false},{"column":32,"file":"node:internal/modules/cjs/loader","function":"Module.load","line":1117,"method":"load","native":false},{"column":12,"file":"node:internal/modules/cjs/loader","function":"Module._load","line":958,"method":"_load","native":false},{"column":12,"file":"node:internal/modules/run_main","function":"Function.runMain","line":81,"method":"runMain","native":false},{"column":12,"file":"D:\\AggregationPipelineDemo\\node_modules\\@babel\\node\\src\\_babel-node.ts","function":null,"line":223,"method":null,"native":false},{"column":14,"file":"node:internal/modules/cjs/loader","function":"Module._compile","line":1254,"method":"_compile","native":false},{"column":10,"file":"node:internal/modules/cjs/loader","function":"Module._extensions..js","line":1308,"method":".js","native":false},{"column":32,"file":"node:internal/modules/cjs/loader","function":"Module.load","line":1117,"method":"load","native":false},{"column":12,"file":"node:internal/modules/cjs/loader","function":"Module._load","line":958,"method":"_load","native":false},{"column":12,"file":"node:internal/modules/run_main","function":"Function.executeUserEntryPoint [as runMain]","line":81,"method":"executeUserEntryPoint [as runMain]","native":false},{"column":47,"file":"node:internal/main/run_main_module","function":null,"line":23,"method":null,"native":false}]}
info: Server started at http://localhost:3000/api/v1/ {"timestamp":"2023-05-10T10:50:44.521Z"}
info: Connected to the database. {"timestamp":"2023-05-10T10:50:44.541Z"}
info: Server started at http://localhost:3000/api/v1/ {"timestamp":"2023-05-10T10:51:16.176Z"}
info: Connected to the database. {"timestamp":"2023-05-10T10:51:16.195Z"}
info: Server started at http://localhost:3000/api/v1/ {"timestamp":"2023-05-10T10:56:55.717Z"}
info: Connected to the database. {"timestamp":"2023-05-10T10:56:55.736Z"}
info: Server started at http://localhost:3000/api/v1/ {"timestamp":"2023-05-10T11:11:33.311Z"}
info: Connected to the database. {"timestamp":"2023-05-10T11:11:33.329Z"}
info: Server started at http://localhost:3000/api/v1/ {"timestamp":"2023-05-10T11:13:47.458Z"}
info: Connected to the database. {"timestamp":"2023-05-10T11:13:47.476Z"}
info: Server started at http://localhost:3000/api/v1/ {"timestamp":"2023-05-10T18:41:53.285Z"}
info: Connected to the database. {"timestamp":"2023-05-10T18:41:53.310Z"}
info: Server started at http://localhost:3000/api/v1/ {"timestamp":"2023-05-10T18:46:32.911Z"}
info: Connected to the database. {"timestamp":"2023-05-10T18:46:32.930Z"}
info: Server started at http://localhost:3000/api/v1/ {"timestamp":"2023-05-10T18:56:59.273Z"}
info: Connected to the database. {"timestamp":"2023-05-10T18:56:59.294Z"}
info: Server started at http://localhost:3000/api/v1/ {"timestamp":"2023-05-10T19:01:37.733Z"}
info: Connected to the database. {"timestamp":"2023-05-10T19:01:37.752Z"}
info: Server started at http://localhost:3000/api/v1/ {"timestamp":"2023-05-10T19:03:46.139Z"}
info: Connected to the database. {"timestamp":"2023-05-10T19:03:46.157Z"}
info: Server started at http://localhost:3000/api/v1/ {"timestamp":"2023-05-10T19:04:55.986Z"}
info: Connected to the database. {"timestamp":"2023-05-10T19:04:56.003Z"}
info: Server started at http://localhost:3000/api/v1/ {"timestamp":"2023-05-10T19:05:47.073Z"}
info: Connected to the database. {"timestamp":"2023-05-10T19:05:47.095Z"}
info: Server started at http://localhost:3000/api/v1/ {"timestamp":"2023-05-10T19:09:54.368Z"}
info: Connected to the database. {"timestamp":"2023-05-10T19:09:54.387Z"}
info: Server started at http://localhost:3000/api/v1/ {"timestamp":"2023-05-10T19:12:16.012Z"}
info: Connected to the database. {"timestamp":"2023-05-10T19:12:16.031Z"}
error: 
    status - 500 
    message - SyntaxError: Unexpected end of JSON input
    at JSON.parse (<anonymous>)
    at createStrictSyntaxError (D:\AggregationPipelineDemo\node_modules\body-parser\lib\types\json.js:160:10)
    at parse (D:\AggregationPipelineDemo\node_modules\body-parser\lib\types\json.js:83:15)
    at D:\AggregationPipelineDemo\node_modules\body-parser\lib\read.js:128:18
    at AsyncResource.runInAsyncScope (node:async_hooks:203:9)
    at invokeCallback (D:\AggregationPipelineDemo\node_modules\raw-body\index.js:231:16)
    at done (D:\AggregationPipelineDemo\node_modules\raw-body\index.js:220:7)
    at IncomingMessage.onEnd (D:\AggregationPipelineDemo\node_modules\raw-body\index.js:280:7)
    at IncomingMessage.emit (node:events:513:28)
    at IncomingMessage.emit (node:domain:489:12)
    at endReadableNT (node:internal/streams/readable:1359:12)
    at processTicksAndRejections (node:internal/process/task_queues:82:21) 
    url - /api/v1/cities/sort 
    method - GET 
    IP - ::1
   {"timestamp":"2023-05-10T19:12:20.745Z"}
info: Server started at http://localhost:3000/api/v1/ {"timestamp":"2023-05-10T19:14:05.331Z"}
info: Connected to the database. {"timestamp":"2023-05-10T19:14:05.351Z"}
error: 
    status - 500 
    message - SyntaxError: Unexpected end of JSON input
    at JSON.parse (<anonymous>)
    at createStrictSyntaxError (D:\AggregationPipelineDemo\node_modules\body-parser\lib\types\json.js:160:10)
    at parse (D:\AggregationPipelineDemo\node_modules\body-parser\lib\types\json.js:83:15)
    at D:\AggregationPipelineDemo\node_modules\body-parser\lib\read.js:128:18
    at AsyncResource.runInAsyncScope (node:async_hooks:203:9)
    at invokeCallback (D:\AggregationPipelineDemo\node_modules\raw-body\index.js:231:16)
    at done (D:\AggregationPipelineDemo\node_modules\raw-body\index.js:220:7)
    at IncomingMessage.onEnd (D:\AggregationPipelineDemo\node_modules\raw-body\index.js:280:7)
    at IncomingMessage.emit (node:events:513:28)
    at IncomingMessage.emit (node:domain:489:12)
    at endReadableNT (node:internal/streams/readable:1359:12)
    at processTicksAndRejections (node:internal/process/task_queues:82:21) 
    url - /api/v1/cities/sort 
    method - PUT 
    IP - ::1
   {"timestamp":"2023-05-10T19:14:09.725Z"}
info: Server started at http://localhost:3000/api/v1/ {"timestamp":"2023-05-10T19:15:18.530Z"}
info: Connected to the database. {"timestamp":"2023-05-10T19:15:18.549Z"}
info: Server started at http://localhost:3000/api/v1/ {"timestamp":"2023-05-10T19:15:39.744Z"}
info: Connected to the database. {"timestamp":"2023-05-10T19:15:39.765Z"}
error: 
    status - 500 
    message - SyntaxError: Unexpected end of JSON input
    at JSON.parse (<anonymous>)
    at createStrictSyntaxError (D:\AggregationPipelineDemo\node_modules\body-parser\lib\types\json.js:160:10)
    at parse (D:\AggregationPipelineDemo\node_modules\body-parser\lib\types\json.js:83:15)
    at D:\AggregationPipelineDemo\node_modules\body-parser\lib\read.js:128:18
    at AsyncResource.runInAsyncScope (node:async_hooks:203:9)
    at invokeCallback (D:\AggregationPipelineDemo\node_modules\raw-body\index.js:231:16)
    at done (D:\AggregationPipelineDemo\node_modules\raw-body\index.js:220:7)
    at IncomingMessage.onEnd (D:\AggregationPipelineDemo\node_modules\raw-body\index.js:280:7)
    at IncomingMessage.emit (node:events:513:28)
    at IncomingMessage.emit (node:domain:489:12)
    at endReadableNT (node:internal/streams/readable:1359:12)
    at processTicksAndRejections (node:internal/process/task_queues:82:21) 
    url - /api/v1/cities/sort 
    method - GET 
    IP - ::1
   {"timestamp":"2023-05-10T19:15:45.050Z"}
info: Server started at http://localhost:3000/api/v1/ {"timestamp":"2023-05-10T19:16:40.928Z"}
info: Connected to the database. {"timestamp":"2023-05-10T19:16:40.947Z"}
info: Server started at http://localhost:3000/api/v1/ {"timestamp":"2023-05-10T19:16:45.494Z"}
info: Connected to the database. {"timestamp":"2023-05-10T19:16:45.511Z"}
error: 
    status - 500 
    message - SyntaxError: Unexpected end of JSON input
    at JSON.parse (<anonymous>)
    at createStrictSyntaxError (D:\AggregationPipelineDemo\node_modules\body-parser\lib\types\json.js:160:10)
    at parse (D:\AggregationPipelineDemo\node_modules\body-parser\lib\types\json.js:83:15)
    at D:\AggregationPipelineDemo\node_modules\body-parser\lib\read.js:128:18
    at AsyncResource.runInAsyncScope (node:async_hooks:203:9)
    at invokeCallback (D:\AggregationPipelineDemo\node_modules\raw-body\index.js:231:16)
    at done (D:\AggregationPipelineDemo\node_modules\raw-body\index.js:220:7)
    at IncomingMessage.onEnd (D:\AggregationPipelineDemo\node_modules\raw-body\index.js:280:7)
    at IncomingMessage.emit (node:events:513:28)
    at IncomingMessage.emit (node:domain:489:12)
    at endReadableNT (node:internal/streams/readable:1359:12)
    at processTicksAndRejections (node:internal/process/task_queues:82:21) 
    url - /api/v1/cities/sort 
    method - GET 
    IP - ::1
   {"timestamp":"2023-05-10T19:16:48.591Z"}
info: Server started at http://localhost:3000/api/v1/ {"timestamp":"2023-05-10T19:17:52.061Z"}
info: Connected to the database. {"timestamp":"2023-05-10T19:17:52.082Z"}
error: 
    status - 500 
    message - SyntaxError: Unexpected end of JSON input
    at JSON.parse (<anonymous>)
    at createStrictSyntaxError (D:\AggregationPipelineDemo\node_modules\body-parser\lib\types\json.js:160:10)
    at parse (D:\AggregationPipelineDemo\node_modules\body-parser\lib\types\json.js:83:15)
    at D:\AggregationPipelineDemo\node_modules\body-parser\lib\read.js:128:18
    at AsyncResource.runInAsyncScope (node:async_hooks:203:9)
    at invokeCallback (D:\AggregationPipelineDemo\node_modules\raw-body\index.js:231:16)
    at done (D:\AggregationPipelineDemo\node_modules\raw-body\index.js:220:7)
    at IncomingMessage.onEnd (D:\AggregationPipelineDemo\node_modules\raw-body\index.js:280:7)
    at IncomingMessage.emit (node:events:513:28)
    at IncomingMessage.emit (node:domain:489:12)
    at endReadableNT (node:internal/streams/readable:1359:12)
    at processTicksAndRejections (node:internal/process/task_queues:82:21) 
    url - /api/v1/cities/sort 
    method - GET 
    IP - ::1
   {"timestamp":"2023-05-10T19:17:54.296Z"}
info: Server started at http://localhost:3000/api/v1/ {"timestamp":"2023-05-10T19:18:08.069Z"}
info: Connected to the database. {"timestamp":"2023-05-10T19:18:08.086Z"}
error: 
    status - 500 
    message - SyntaxError: Unexpected end of JSON input
    at JSON.parse (<anonymous>)
    at createStrictSyntaxError (D:\AggregationPipelineDemo\node_modules\body-parser\lib\types\json.js:160:10)
    at parse (D:\AggregationPipelineDemo\node_modules\body-parser\lib\types\json.js:83:15)
    at D:\AggregationPipelineDemo\node_modules\body-parser\lib\read.js:128:18
    at AsyncResource.runInAsyncScope (node:async_hooks:203:9)
    at invokeCallback (D:\AggregationPipelineDemo\node_modules\raw-body\index.js:231:16)
    at done (D:\AggregationPipelineDemo\node_modules\raw-body\index.js:220:7)
    at IncomingMessage.onEnd (D:\AggregationPipelineDemo\node_modules\raw-body\index.js:280:7)
    at IncomingMessage.emit (node:events:513:28)
    at IncomingMessage.emit (node:domain:489:12)
    at endReadableNT (node:internal/streams/readable:1359:12)
    at processTicksAndRejections (node:internal/process/task_queues:82:21) 
    url - /api/v1/cities/sort 
    method - GET 
    IP - ::1
   {"timestamp":"2023-05-10T19:18:14.581Z"}
info: Server started at http://localhost:3000/api/v1/ {"timestamp":"2023-05-10T19:20:29.173Z"}
info: Connected to the database. {"timestamp":"2023-05-10T19:20:29.194Z"}
info: Server started at http://localhost:3000/api/v1/ {"timestamp":"2023-05-10T19:20:53.270Z"}
info: Connected to the database. {"timestamp":"2023-05-10T19:20:53.288Z"}
error: 
    status - 500 
    message - SyntaxError: Unexpected end of JSON input
    at JSON.parse (<anonymous>)
    at createStrictSyntaxError (D:\AggregationPipelineDemo\node_modules\body-parser\lib\types\json.js:160:10)
    at parse (D:\AggregationPipelineDemo\node_modules\body-parser\lib\types\json.js:83:15)
    at D:\AggregationPipelineDemo\node_modules\body-parser\lib\read.js:128:18
    at AsyncResource.runInAsyncScope (node:async_hooks:203:9)
    at invokeCallback (D:\AggregationPipelineDemo\node_modules\raw-body\index.js:231:16)
    at done (D:\AggregationPipelineDemo\node_modules\raw-body\index.js:220:7)
    at IncomingMessage.onEnd (D:\AggregationPipelineDemo\node_modules\raw-body\index.js:280:7)
    at IncomingMessage.emit (node:events:513:28)
    at IncomingMessage.emit (node:domain:489:12)
    at endReadableNT (node:internal/streams/readable:1359:12)
    at processTicksAndRejections (node:internal/process/task_queues:82:21) 
    url - /api/v1/cities/sort 
    method - GET 
    IP - ::1
   {"timestamp":"2023-05-10T19:21:01.865Z"}
info: Server started at http://localhost:3000/api/v1/ {"timestamp":"2023-05-10T19:22:00.869Z"}
info: Connected to the database. {"timestamp":"2023-05-10T19:22:00.888Z"}
error: 
    status - 500 
    message - SyntaxError: Unexpected end of JSON input
    at JSON.parse (<anonymous>)
    at createStrictSyntaxError (D:\AggregationPipelineDemo\node_modules\body-parser\lib\types\json.js:160:10)
    at parse (D:\AggregationPipelineDemo\node_modules\body-parser\lib\types\json.js:83:15)
    at D:\AggregationPipelineDemo\node_modules\body-parser\lib\read.js:128:18
    at AsyncResource.runInAsyncScope (node:async_hooks:203:9)
    at invokeCallback (D:\AggregationPipelineDemo\node_modules\raw-body\index.js:231:16)
    at done (D:\AggregationPipelineDemo\node_modules\raw-body\index.js:220:7)
    at IncomingMessage.onEnd (D:\AggregationPipelineDemo\node_modules\raw-body\index.js:280:7)
    at IncomingMessage.emit (node:events:513:28)
    at IncomingMessage.emit (node:domain:489:12)
    at endReadableNT (node:internal/streams/readable:1359:12)
    at processTicksAndRejections (node:internal/process/task_queues:82:21) 
    url - /api/v1/cities/sort 
    method - GET 
    IP - ::1
   {"timestamp":"2023-05-10T19:22:05.269Z"}
info: Server started at http://localhost:3000/api/v1/ {"timestamp":"2023-05-10T19:23:54.267Z"}
info: Connected to the database. {"timestamp":"2023-05-10T19:23:54.285Z"}
error: 
    status - 500 
    message - SyntaxError: Unexpected end of JSON input
    at JSON.parse (<anonymous>)
    at createStrictSyntaxError (D:\AggregationPipelineDemo\node_modules\body-parser\lib\types\json.js:160:10)
    at parse (D:\AggregationPipelineDemo\node_modules\body-parser\lib\types\json.js:83:15)
    at D:\AggregationPipelineDemo\node_modules\body-parser\lib\read.js:128:18
    at AsyncResource.runInAsyncScope (node:async_hooks:203:9)
    at invokeCallback (D:\AggregationPipelineDemo\node_modules\raw-body\index.js:231:16)
    at done (D:\AggregationPipelineDemo\node_modules\raw-body\index.js:220:7)
    at IncomingMessage.onEnd (D:\AggregationPipelineDemo\node_modules\raw-body\index.js:280:7)
    at IncomingMessage.emit (node:events:513:28)
    at IncomingMessage.emit (node:domain:489:12)
    at endReadableNT (node:internal/streams/readable:1359:12)
    at processTicksAndRejections (node:internal/process/task_queues:82:21) 
    url - /api/v1/cities/sort 
    method - GET 
    IP - ::1
   {"timestamp":"2023-05-10T19:24:10.477Z"}
info: Server started at http://localhost:3000/api/v1/ {"timestamp":"2023-05-10T19:25:15.629Z"}
info: Connected to the database. {"timestamp":"2023-05-10T19:25:15.647Z"}
error: 
    status - 500 
    message - SyntaxError: Unexpected end of JSON input
    at JSON.parse (<anonymous>)
    at createStrictSyntaxError (D:\AggregationPipelineDemo\node_modules\body-parser\lib\types\json.js:160:10)
    at parse (D:\AggregationPipelineDemo\node_modules\body-parser\lib\types\json.js:83:15)
    at D:\AggregationPipelineDemo\node_modules\body-parser\lib\read.js:128:18
    at AsyncResource.runInAsyncScope (node:async_hooks:203:9)
    at invokeCallback (D:\AggregationPipelineDemo\node_modules\raw-body\index.js:231:16)
    at done (D:\AggregationPipelineDemo\node_modules\raw-body\index.js:220:7)
    at IncomingMessage.onEnd (D:\AggregationPipelineDemo\node_modules\raw-body\index.js:280:7)
    at IncomingMessage.emit (node:events:513:28)
    at IncomingMessage.emit (node:domain:489:12)
    at endReadableNT (node:internal/streams/readable:1359:12)
    at processTicksAndRejections (node:internal/process/task_queues:82:21) 
    url - /api/v1/cities/sort 
    method - GET 
    IP - ::1
   {"timestamp":"2023-05-10T19:25:19.045Z"}
info: Server started at http://localhost:3000/api/v1/ {"timestamp":"2023-05-10T19:26:38.868Z"}
info: Connected to the database. {"timestamp":"2023-05-10T19:26:38.885Z"}
error: 
    status - 500 
    message - SyntaxError: Unexpected end of JSON input
    at JSON.parse (<anonymous>)
    at createStrictSyntaxError (D:\AggregationPipelineDemo\node_modules\body-parser\lib\types\json.js:160:10)
    at parse (D:\AggregationPipelineDemo\node_modules\body-parser\lib\types\json.js:83:15)
    at D:\AggregationPipelineDemo\node_modules\body-parser\lib\read.js:128:18
    at AsyncResource.runInAsyncScope (node:async_hooks:203:9)
    at invokeCallback (D:\AggregationPipelineDemo\node_modules\raw-body\index.js:231:16)
    at done (D:\AggregationPipelineDemo\node_modules\raw-body\index.js:220:7)
    at IncomingMessage.onEnd (D:\AggregationPipelineDemo\node_modules\raw-body\index.js:280:7)
    at IncomingMessage.emit (node:events:513:28)
    at IncomingMessage.emit (node:domain:489:12)
    at endReadableNT (node:internal/streams/readable:1359:12)
    at processTicksAndRejections (node:internal/process/task_queues:82:21) 
    url - /api/v1/cities/sort 
    method - GET 
    IP - ::1
   {"timestamp":"2023-05-10T19:26:43.409Z"}
error: 
    status - 500 
    message - SyntaxError: Unexpected end of JSON input
    at JSON.parse (<anonymous>)
    at createStrictSyntaxError (D:\AggregationPipelineDemo\node_modules\body-parser\lib\types\json.js:160:10)
    at parse (D:\AggregationPipelineDemo\node_modules\body-parser\lib\types\json.js:83:15)
    at D:\AggregationPipelineDemo\node_modules\body-parser\lib\read.js:128:18
    at AsyncResource.runInAsyncScope (node:async_hooks:203:9)
    at invokeCallback (D:\AggregationPipelineDemo\node_modules\raw-body\index.js:231:16)
    at done (D:\AggregationPipelineDemo\node_modules\raw-body\index.js:220:7)
    at IncomingMessage.onEnd (D:\AggregationPipelineDemo\node_modules\raw-body\index.js:280:7)
    at IncomingMessage.emit (node:events:513:28)
    at IncomingMessage.emit (node:domain:489:12)
    at endReadableNT (node:internal/streams/readable:1359:12)
    at processTicksAndRejections (node:internal/process/task_queues:82:21) 
    url - /api/v1/cities/sort 
    method - GET 
    IP - ::1
   {"timestamp":"2023-05-10T19:26:52.116Z"}
info: Server started at http://localhost:3000/api/v1/ {"timestamp":"2023-05-10T19:27:09.014Z"}
info: Connected to the database. {"timestamp":"2023-05-10T19:27:09.035Z"}
error: 
    status - 500 
    message - SyntaxError: Unexpected end of JSON input
    at JSON.parse (<anonymous>)
    at createStrictSyntaxError (D:\AggregationPipelineDemo\node_modules\body-parser\lib\types\json.js:160:10)
    at parse (D:\AggregationPipelineDemo\node_modules\body-parser\lib\types\json.js:83:15)
    at D:\AggregationPipelineDemo\node_modules\body-parser\lib\read.js:128:18
    at AsyncResource.runInAsyncScope (node:async_hooks:203:9)
    at invokeCallback (D:\AggregationPipelineDemo\node_modules\raw-body\index.js:231:16)
    at done (D:\AggregationPipelineDemo\node_modules\raw-body\index.js:220:7)
    at IncomingMessage.onEnd (D:\AggregationPipelineDemo\node_modules\raw-body\index.js:280:7)
    at IncomingMessage.emit (node:events:513:28)
    at IncomingMessage.emit (node:domain:489:12)
    at endReadableNT (node:internal/streams/readable:1359:12)
    at processTicksAndRejections (node:internal/process/task_queues:82:21) 
    url - /api/v1/cities/sort 
    method - GET 
    IP - ::1
   {"timestamp":"2023-05-10T19:27:13.086Z"}
error: 
    status - 500 
    message - SyntaxError: Unexpected end of JSON input
    at JSON.parse (<anonymous>)
    at createStrictSyntaxError (D:\AggregationPipelineDemo\node_modules\body-parser\lib\types\json.js:160:10)
    at parse (D:\AggregationPipelineDemo\node_modules\body-parser\lib\types\json.js:83:15)
    at D:\AggregationPipelineDemo\node_modules\body-parser\lib\read.js:128:18
    at AsyncResource.runInAsyncScope (node:async_hooks:203:9)
    at invokeCallback (D:\AggregationPipelineDemo\node_modules\raw-body\index.js:231:16)
    at done (D:\AggregationPipelineDemo\node_modules\raw-body\index.js:220:7)
    at IncomingMessage.onEnd (D:\AggregationPipelineDemo\node_modules\raw-body\index.js:280:7)
    at IncomingMessage.emit (node:events:513:28)
    at IncomingMessage.emit (node:domain:489:12)
    at endReadableNT (node:internal/streams/readable:1359:12)
    at processTicksAndRejections (node:internal/process/task_queues:82:21) 
    url - /api/v1/cities/match 
    method - GET 
    IP - ::1
   {"timestamp":"2023-05-10T19:27:29.723Z"}
error: 
    status - 500 
    message - SyntaxError: Unexpected end of JSON input
    at JSON.parse (<anonymous>)
    at createStrictSyntaxError (D:\AggregationPipelineDemo\node_modules\body-parser\lib\types\json.js:160:10)
    at parse (D:\AggregationPipelineDemo\node_modules\body-parser\lib\types\json.js:83:15)
    at D:\AggregationPipelineDemo\node_modules\body-parser\lib\read.js:128:18
    at AsyncResource.runInAsyncScope (node:async_hooks:203:9)
    at invokeCallback (D:\AggregationPipelineDemo\node_modules\raw-body\index.js:231:16)
    at done (D:\AggregationPipelineDemo\node_modules\raw-body\index.js:220:7)
    at IncomingMessage.onEnd (D:\AggregationPipelineDemo\node_modules\raw-body\index.js:280:7)
    at IncomingMessage.emit (node:events:513:28)
    at IncomingMessage.emit (node:domain:489:12)
    at endReadableNT (node:internal/streams/readable:1359:12)
    at processTicksAndRejections (node:internal/process/task_queues:82:21) 
    url - /api/v1/cities/match 
    method - GET 
    IP - ::1
   {"timestamp":"2023-05-10T19:27:31.915Z"}
info: Server started at http://localhost:3000/api/v1/ {"timestamp":"2023-05-10T19:28:22.178Z"}
info: Connected to the database. {"timestamp":"2023-05-10T19:28:22.199Z"}
error: 
    status - 500 
    message - SyntaxError: Unexpected end of JSON input
    at JSON.parse (<anonymous>)
    at createStrictSyntaxError (D:\AggregationPipelineDemo\node_modules\body-parser\lib\types\json.js:160:10)
    at parse (D:\AggregationPipelineDemo\node_modules\body-parser\lib\types\json.js:83:15)
    at D:\AggregationPipelineDemo\node_modules\body-parser\lib\read.js:128:18
    at AsyncResource.runInAsyncScope (node:async_hooks:203:9)
    at invokeCallback (D:\AggregationPipelineDemo\node_modules\raw-body\index.js:231:16)
    at done (D:\AggregationPipelineDemo\node_modules\raw-body\index.js:220:7)
    at IncomingMessage.onEnd (D:\AggregationPipelineDemo\node_modules\raw-body\index.js:280:7)
    at IncomingMessage.emit (node:events:513:28)
    at IncomingMessage.emit (node:domain:489:12)
    at endReadableNT (node:internal/streams/readable:1359:12)
    at processTicksAndRejections (node:internal/process/task_queues:82:21) 
    url - /api/v1/cities/match 
    method - GET 
    IP - ::1
   {"timestamp":"2023-05-10T19:28:26.763Z"}
error: 
    status - 500 
    message - SyntaxError: Unexpected end of JSON input
    at JSON.parse (<anonymous>)
    at createStrictSyntaxError (D:\AggregationPipelineDemo\node_modules\body-parser\lib\types\json.js:160:10)
    at parse (D:\AggregationPipelineDemo\node_modules\body-parser\lib\types\json.js:83:15)
    at D:\AggregationPipelineDemo\node_modules\body-parser\lib\read.js:128:18
    at AsyncResource.runInAsyncScope (node:async_hooks:203:9)
    at invokeCallback (D:\AggregationPipelineDemo\node_modules\raw-body\index.js:231:16)
    at done (D:\AggregationPipelineDemo\node_modules\raw-body\index.js:220:7)
    at IncomingMessage.onEnd (D:\AggregationPipelineDemo\node_modules\raw-body\index.js:280:7)
    at IncomingMessage.emit (node:events:513:28)
    at IncomingMessage.emit (node:domain:489:12)
    at endReadableNT (node:internal/streams/readable:1359:12)
    at processTicksAndRejections (node:internal/process/task_queues:82:21) 
    url - /api/v1/cities/match 
    method - GET 
    IP - ::1
   {"timestamp":"2023-05-10T19:28:38.877Z"}
error: 
    status - 500 
    message - SyntaxError: Unexpected end of JSON input
    at JSON.parse (<anonymous>)
    at createStrictSyntaxError (D:\AggregationPipelineDemo\node_modules\body-parser\lib\types\json.js:160:10)
    at parse (D:\AggregationPipelineDemo\node_modules\body-parser\lib\types\json.js:83:15)
    at D:\AggregationPipelineDemo\node_modules\body-parser\lib\read.js:128:18
    at AsyncResource.runInAsyncScope (node:async_hooks:203:9)
    at invokeCallback (D:\AggregationPipelineDemo\node_modules\raw-body\index.js:231:16)
    at done (D:\AggregationPipelineDemo\node_modules\raw-body\index.js:220:7)
    at IncomingMessage.onEnd (D:\AggregationPipelineDemo\node_modules\raw-body\index.js:280:7)
    at IncomingMessage.emit (node:events:513:28)
    at IncomingMessage.emit (node:domain:489:12)
    at endReadableNT (node:internal/streams/readable:1359:12)
    at processTicksAndRejections (node:internal/process/task_queues:82:21) 
    url - /api/v1/cities/match 
    method - GET 
    IP - ::1
   {"timestamp":"2023-05-10T19:28:47.587Z"}
info: Server started at http://localhost:3000/api/v1/ {"timestamp":"2023-05-10T19:31:40.102Z"}
info: Connected to the database. {"timestamp":"2023-05-10T19:31:40.120Z"}
error: 
    status - 500 
    message - SyntaxError: Unexpected end of JSON input
    at JSON.parse (<anonymous>)
    at createStrictSyntaxError (D:\AggregationPipelineDemo\node_modules\body-parser\lib\types\json.js:160:10)
    at parse (D:\AggregationPipelineDemo\node_modules\body-parser\lib\types\json.js:83:15)
    at D:\AggregationPipelineDemo\node_modules\body-parser\lib\read.js:128:18
    at AsyncResource.runInAsyncScope (node:async_hooks:203:9)
    at invokeCallback (D:\AggregationPipelineDemo\node_modules\raw-body\index.js:231:16)
    at done (D:\AggregationPipelineDemo\node_modules\raw-body\index.js:220:7)
    at IncomingMessage.onEnd (D:\AggregationPipelineDemo\node_modules\raw-body\index.js:280:7)
    at IncomingMessage.emit (node:events:513:28)
    at IncomingMessage.emit (node:domain:489:12)
    at endReadableNT (node:internal/streams/readable:1359:12)
    at processTicksAndRejections (node:internal/process/task_queues:82:21) 
    url - /api/v1/cities/group 
    method - GET 
    IP - ::1
   {"timestamp":"2023-05-10T19:31:52.407Z"}
info: Server started at http://localhost:3000/api/v1/ {"timestamp":"2023-05-10T19:32:17.173Z"}
info: Connected to the database. {"timestamp":"2023-05-10T19:32:17.192Z"}
error: 
    status - 500 
    message - SyntaxError: Unexpected end of JSON input
    at JSON.parse (<anonymous>)
    at createStrictSyntaxError (D:\AggregationPipelineDemo\node_modules\body-parser\lib\types\json.js:160:10)
    at parse (D:\AggregationPipelineDemo\node_modules\body-parser\lib\types\json.js:83:15)
    at D:\AggregationPipelineDemo\node_modules\body-parser\lib\read.js:128:18
    at AsyncResource.runInAsyncScope (node:async_hooks:203:9)
    at invokeCallback (D:\AggregationPipelineDemo\node_modules\raw-body\index.js:231:16)
    at done (D:\AggregationPipelineDemo\node_modules\raw-body\index.js:220:7)
    at IncomingMessage.onEnd (D:\AggregationPipelineDemo\node_modules\raw-body\index.js:280:7)
    at IncomingMessage.emit (node:events:513:28)
    at IncomingMessage.emit (node:domain:489:12)
    at endReadableNT (node:internal/streams/readable:1359:12)
    at processTicksAndRejections (node:internal/process/task_queues:82:21) 
    url - /api/v1/cities/group 
    method - GET 
    IP - ::1
   {"timestamp":"2023-05-10T19:32:19.477Z"}
info: Server started at http://localhost:3000/api/v1/ {"timestamp":"2023-05-10T19:36:46.203Z"}
info: Connected to the database. {"timestamp":"2023-05-10T19:36:46.221Z"}
error: 
    status - 500 
    message - SyntaxError: Unexpected end of JSON input
    at JSON.parse (<anonymous>)
    at createStrictSyntaxError (D:\AggregationPipelineDemo\node_modules\body-parser\lib\types\json.js:160:10)
    at parse (D:\AggregationPipelineDemo\node_modules\body-parser\lib\types\json.js:83:15)
    at D:\AggregationPipelineDemo\node_modules\body-parser\lib\read.js:128:18
    at AsyncResource.runInAsyncScope (node:async_hooks:203:9)
    at invokeCallback (D:\AggregationPipelineDemo\node_modules\raw-body\index.js:231:16)
    at done (D:\AggregationPipelineDemo\node_modules\raw-body\index.js:220:7)
    at IncomingMessage.onEnd (D:\AggregationPipelineDemo\node_modules\raw-body\index.js:280:7)
    at IncomingMessage.emit (node:events:513:28)
    at IncomingMessage.emit (node:domain:489:12)
    at endReadableNT (node:internal/streams/readable:1359:12)
    at processTicksAndRejections (node:internal/process/task_queues:82:21) 
    url - /api/v1/cities/group 
    method - GET 
    IP - ::1
   {"timestamp":"2023-05-10T19:36:50.839Z"}
info: Server started at http://localhost:3000/api/v1/ {"timestamp":"2023-05-10T19:37:26.543Z"}
info: Connected to the database. {"timestamp":"2023-05-10T19:37:26.565Z"}
error: 
    status - 500 
    message - SyntaxError: Unexpected end of JSON input
    at JSON.parse (<anonymous>)
    at createStrictSyntaxError (D:\AggregationPipelineDemo\node_modules\body-parser\lib\types\json.js:160:10)
    at parse (D:\AggregationPipelineDemo\node_modules\body-parser\lib\types\json.js:83:15)
    at D:\AggregationPipelineDemo\node_modules\body-parser\lib\read.js:128:18
    at AsyncResource.runInAsyncScope (node:async_hooks:203:9)
    at invokeCallback (D:\AggregationPipelineDemo\node_modules\raw-body\index.js:231:16)
    at done (D:\AggregationPipelineDemo\node_modules\raw-body\index.js:220:7)
    at IncomingMessage.onEnd (D:\AggregationPipelineDemo\node_modules\raw-body\index.js:280:7)
    at IncomingMessage.emit (node:events:513:28)
    at IncomingMessage.emit (node:domain:489:12)
    at endReadableNT (node:internal/streams/readable:1359:12)
    at processTicksAndRejections (node:internal/process/task_queues:82:21) 
    url - /api/v1/cities/group 
    method - GET 
    IP - ::1
   {"timestamp":"2023-05-10T19:37:32.028Z"}
info: Server started at http://localhost:3000/api/v1/ {"timestamp":"2023-05-10T19:39:00.601Z"}
info: Connected to the database. {"timestamp":"2023-05-10T19:39:00.618Z"}
info: Server started at http://localhost:3000/api/v1/ {"timestamp":"2023-05-10T19:39:21.716Z"}
info: Connected to the database. {"timestamp":"2023-05-10T19:39:21.735Z"}
info: Server started at http://localhost:3000/api/v1/ {"timestamp":"2023-05-10T19:47:19.850Z"}
info: Connected to the database. {"timestamp":"2023-05-10T19:47:19.870Z"}
info: Server started at http://localhost:3000/api/v1/ {"timestamp":"2023-05-10T19:49:55.207Z"}
info: Connected to the database. {"timestamp":"2023-05-10T19:49:55.227Z"}
info: Server started at http://localhost:3000/api/v1/ {"timestamp":"2023-05-10T19:50:33.136Z"}
info: Connected to the database. {"timestamp":"2023-05-10T19:50:33.155Z"}
info: Server started at http://localhost:3000/api/v1/ {"timestamp":"2023-05-10T19:50:39.512Z"}
info: Connected to the database. {"timestamp":"2023-05-10T19:50:39.530Z"}
info: Server started at http://localhost:3000/api/v1/ {"timestamp":"2023-05-11T05:32:31.680Z"}
info: Connected to the database. {"timestamp":"2023-05-11T05:32:31.696Z"}
info: Server started at http://localhost:3000/api/v1/ {"timestamp":"2023-05-11T05:33:45.741Z"}
info: Connected to the database. {"timestamp":"2023-05-11T05:33:45.761Z"}
info: Server started at http://localhost:3000/api/v1/ {"timestamp":"2023-05-11T05:41:05.693Z"}
info: Connected to the database. {"timestamp":"2023-05-11T05:41:05.711Z"}
info: Server started at http://localhost:3000/api/v1/ {"timestamp":"2023-05-11T05:53:14.075Z"}
info: Connected to the database. {"timestamp":"2023-05-11T05:53:14.096Z"}
info: Server started at http://localhost:3000/api/v1/ {"timestamp":"2023-05-11T05:56:31.586Z"}
info: Connected to the database. {"timestamp":"2023-05-11T05:56:31.603Z"}
info: Server started at http://localhost:3000/api/v1/ {"timestamp":"2023-05-11T06:08:35.851Z"}
info: Connected to the database. {"timestamp":"2023-05-11T06:08:35.870Z"}
info: Server started at http://localhost:3000/api/v1/ {"timestamp":"2023-05-11T06:27:21.107Z"}
info: Connected to the database. {"timestamp":"2023-05-11T06:27:21.126Z"}
info: Server started at http://localhost:3000/api/v1/ {"timestamp":"2023-05-11T06:30:12.350Z"}
info: Connected to the database. {"timestamp":"2023-05-11T06:30:12.379Z"}
info: Server started at http://localhost:3000/api/v1/ {"timestamp":"2023-05-11T06:37:00.713Z"}
info: Connected to the database. {"timestamp":"2023-05-11T06:37:00.730Z"}
info: Server started at http://localhost:3000/api/v1/ {"timestamp":"2023-05-11T06:37:56.314Z"}
info: Connected to the database. {"timestamp":"2023-05-11T06:37:56.335Z"}
