error: uncaughtException: Router.use() requires a middleware function but got a Object
TypeError: Router.use() requires a middleware function but got a Object
    at Function.use (D:\AggregationPipelineDemo\node_modules\express\lib\router\index.js:469:13)
    at routes (D:\AggregationPipelineDemo\src\routes\/index.js:14:10)
    at Object.<anonymous> (D:\AggregationPipelineDemo\src\/index.js:32:38)
    at Module._compile (node:internal/modules/cjs/loader:1254:14)
    at Module._compile (D:\AggregationPipelineDemo\node_modules\pirates\lib\index.js:136:24)
    at Module._extensions..js (node:internal/modules/cjs/loader:1308:10)
    at Object.newLoader [as .js] (D:\AggregationPipelineDemo\node_modules\pirates\lib\index.js:141:7)
    at Module.load (node:internal/modules/cjs/loader:1117:32)
    at Function.Module._load (node:internal/modules/cjs/loader:958:12)
    at Function.runMain (node:internal/modules/run_main:81:12)
    at Object.<anonymous> (D:\AggregationPipelineDemo\node_modules\@babel\node\src\_babel-node.ts:223:12)
    at Module._compile (node:internal/modules/cjs/loader:1254:14)
    at Object.Module._extensions..js (node:internal/modules/cjs/loader:1308:10)
    at Module.load (node:internal/modules/cjs/loader:1117:32)
    at Function.Module._load (node:internal/modules/cjs/loader:958:12)
    at Function.executeUserEntryPoint [as runMain] (node:internal/modules/run_main:81:12)
    at node:internal/main/run_main_module:23:47 {"date":"Wed May 10 2023 16:08:01 GMT+0530 (India Standard Time)","error":{},"exception":true,"os":{"loadavg":[0,0,0],"uptime":27188.375},"process":{"argv":["node","D:\\AggregationPipelineDemo\\src\\index.js"],"cwd":"D:\\AggregationPipelineDemo","execPath":"C:\\Program Files\\nodejs\\node.exe","gid":null,"memoryUsage":{"arrayBuffers":18636750,"external":20154592,"heapTotal":89620480,"heapUsed":50752056,"rss":126476288},"pid":10140,"uid":null,"version":"v18.16.0"},"stack":"TypeError: Router.use() requires a middleware function but got a Object\n    at Function.use (D:\\AggregationPipelineDemo\\node_modules\\express\\lib\\router\\index.js:469:13)\n    at routes (D:\\AggregationPipelineDemo\\src\\routes\\/index.js:14:10)\n    at Object.<anonymous> (D:\\AggregationPipelineDemo\\src\\/index.js:32:38)\n    at Module._compile (node:internal/modules/cjs/loader:1254:14)\n    at Module._compile (D:\\AggregationPipelineDemo\\node_modules\\pirates\\lib\\index.js:136:24)\n    at Module._extensions..js (node:internal/modules/cjs/loader:1308:10)\n    at Object.newLoader [as .js] (D:\\AggregationPipelineDemo\\node_modules\\pirates\\lib\\index.js:141:7)\n    at Module.load (node:internal/modules/cjs/loader:1117:32)\n    at Function.Module._load (node:internal/modules/cjs/loader:958:12)\n    at Function.runMain (node:internal/modules/run_main:81:12)\n    at Object.<anonymous> (D:\\AggregationPipelineDemo\\node_modules\\@babel\\node\\src\\_babel-node.ts:223:12)\n    at Module._compile (node:internal/modules/cjs/loader:1254:14)\n    at Object.Module._extensions..js (node:internal/modules/cjs/loader:1308:10)\n    at Module.load (node:internal/modules/cjs/loader:1117:32)\n    at Function.Module._load (node:internal/modules/cjs/loader:958:12)\n    at Function.executeUserEntryPoint [as runMain] (node:internal/modules/run_main:81:12)\n    at node:internal/main/run_main_module:23:47","trace":[{"column":13,"file":"D:\\AggregationPipelineDemo\\node_modules\\express\\lib\\router\\index.js","function":"Function.use","line":469,"method":"use","native":false},{"column":10,"file":"D:\\AggregationPipelineDemo\\src\\routes\\/index.js","function":"routes","line":14,"method":null,"native":false},{"column":38,"file":"D:\\AggregationPipelineDemo\\src\\/index.js","function":null,"line":32,"method":null,"native":false},{"column":14,"file":"node:internal/modules/cjs/loader","function":"Module._compile","line":1254,"method":"_compile","native":false},{"column":24,"file":"D:\\AggregationPipelineDemo\\node_modules\\pirates\\lib\\index.js","function":"Module._compile","line":136,"method":"_compile","native":false},{"column":10,"file":"node:internal/modules/cjs/loader","function":"Module._extensions..js","line":1308,"method":".js","native":false},{"column":7,"file":"D:\\AggregationPipelineDemo\\node_modules\\pirates\\lib\\index.js","function":"Object.newLoader [as .js]","line":141,"method":"js]","native":false},{"column":32,"file":"node:internal/modules/cjs/loader","function":"Module.load","line":1117,"method":"load","native":false},{"column":12,"file":"node:internal/modules/cjs/loader","function":"Module._load","line":958,"method":"_load","native":false},{"column":12,"file":"node:internal/modules/run_main","function":"Function.runMain","line":81,"method":"runMain","native":false},{"column":12,"file":"D:\\AggregationPipelineDemo\\node_modules\\@babel\\node\\src\\_babel-node.ts","function":null,"line":223,"method":null,"native":false},{"column":14,"file":"node:internal/modules/cjs/loader","function":"Module._compile","line":1254,"method":"_compile","native":false},{"column":10,"file":"node:internal/modules/cjs/loader","function":"Module._extensions..js","line":1308,"method":".js","native":false},{"column":32,"file":"node:internal/modules/cjs/loader","function":"Module.load","line":1117,"method":"load","native":false},{"column":12,"file":"node:internal/modules/cjs/loader","function":"Module._load","line":958,"method":"_load","native":false},{"column":12,"file":"node:internal/modules/run_main","function":"Function.executeUserEntryPoint [as runMain]","line":81,"method":"executeUserEntryPoint [as runMain]","native":false},{"column":47,"file":"node:internal/main/run_main_module","function":null,"line":23,"method":null,"native":false}]}
error: uncaughtException: Router.use() requires a middleware function but got a Object
TypeError: Router.use() requires a middleware function but got a Object
    at Function.use (D:\AggregationPipelineDemo\node_modules\express\lib\router\index.js:469:13)
    at routes (D:\AggregationPipelineDemo\src\routes\/index.js:14:10)
    at Object.<anonymous> (D:\AggregationPipelineDemo\src\/index.js:32:38)
    at Module._compile (node:internal/modules/cjs/loader:1254:14)
    at Module._compile (D:\AggregationPipelineDemo\node_modules\pirates\lib\index.js:136:24)
    at Module._extensions..js (node:internal/modules/cjs/loader:1308:10)
    at Object.newLoader [as .js] (D:\AggregationPipelineDemo\node_modules\pirates\lib\index.js:141:7)
    at Module.load (node:internal/modules/cjs/loader:1117:32)
    at Function.Module._load (node:internal/modules/cjs/loader:958:12)
    at Function.runMain (node:internal/modules/run_main:81:12)
    at Object.<anonymous> (D:\AggregationPipelineDemo\node_modules\@babel\node\src\_babel-node.ts:223:12)
    at Module._compile (node:internal/modules/cjs/loader:1254:14)
    at Object.Module._extensions..js (node:internal/modules/cjs/loader:1308:10)
    at Module.load (node:internal/modules/cjs/loader:1117:32)
    at Function.Module._load (node:internal/modules/cjs/loader:958:12)
    at Function.executeUserEntryPoint [as runMain] (node:internal/modules/run_main:81:12)
    at node:internal/main/run_main_module:23:47 {"date":"Wed May 10 2023 16:09:08 GMT+0530 (India Standard Time)","error":{},"exception":true,"os":{"loadavg":[0,0,0],"uptime":27254.703},"process":{"argv":["node","D:\\AggregationPipelineDemo\\src\\index.js"],"cwd":"D:\\AggregationPipelineDemo","execPath":"C:\\Program Files\\nodejs\\node.exe","gid":null,"memoryUsage":{"arrayBuffers":18899307,"external":20417149,"heapTotal":90931200,"heapUsed":52419184,"rss":127995904},"pid":10084,"uid":null,"version":"v18.16.0"},"stack":"TypeError: Router.use() requires a middleware function but got a Object\n    at Function.use (D:\\AggregationPipelineDemo\\node_modules\\express\\lib\\router\\index.js:469:13)\n    at routes (D:\\AggregationPipelineDemo\\src\\routes\\/index.js:14:10)\n    at Object.<anonymous> (D:\\AggregationPipelineDemo\\src\\/index.js:32:38)\n    at Module._compile (node:internal/modules/cjs/loader:1254:14)\n    at Module._compile (D:\\AggregationPipelineDemo\\node_modules\\pirates\\lib\\index.js:136:24)\n    at Module._extensions..js (node:internal/modules/cjs/loader:1308:10)\n    at Object.newLoader [as .js] (D:\\AggregationPipelineDemo\\node_modules\\pirates\\lib\\index.js:141:7)\n    at Module.load (node:internal/modules/cjs/loader:1117:32)\n    at Function.Module._load (node:internal/modules/cjs/loader:958:12)\n    at Function.runMain (node:internal/modules/run_main:81:12)\n    at Object.<anonymous> (D:\\AggregationPipelineDemo\\node_modules\\@babel\\node\\src\\_babel-node.ts:223:12)\n    at Module._compile (node:internal/modules/cjs/loader:1254:14)\n    at Object.Module._extensions..js (node:internal/modules/cjs/loader:1308:10)\n    at Module.load (node:internal/modules/cjs/loader:1117:32)\n    at Function.Module._load (node:internal/modules/cjs/loader:958:12)\n    at Function.executeUserEntryPoint [as runMain] (node:internal/modules/run_main:81:12)\n    at node:internal/main/run_main_module:23:47","trace":[{"column":13,"file":"D:\\AggregationPipelineDemo\\node_modules\\express\\lib\\router\\index.js","function":"Function.use","line":469,"method":"use","native":false},{"column":10,"file":"D:\\AggregationPipelineDemo\\src\\routes\\/index.js","function":"routes","line":14,"method":null,"native":false},{"column":38,"file":"D:\\AggregationPipelineDemo\\src\\/index.js","function":null,"line":32,"method":null,"native":false},{"column":14,"file":"node:internal/modules/cjs/loader","function":"Module._compile","line":1254,"method":"_compile","native":false},{"column":24,"file":"D:\\AggregationPipelineDemo\\node_modules\\pirates\\lib\\index.js","function":"Module._compile","line":136,"method":"_compile","native":false},{"column":10,"file":"node:internal/modules/cjs/loader","function":"Module._extensions..js","line":1308,"method":".js","native":false},{"column":7,"file":"D:\\AggregationPipelineDemo\\node_modules\\pirates\\lib\\index.js","function":"Object.newLoader [as .js]","line":141,"method":"js]","native":false},{"column":32,"file":"node:internal/modules/cjs/loader","function":"Module.load","line":1117,"method":"load","native":false},{"column":12,"file":"node:internal/modules/cjs/loader","function":"Module._load","line":958,"method":"_load","native":false},{"column":12,"file":"node:internal/modules/run_main","function":"Function.runMain","line":81,"method":"runMain","native":false},{"column":12,"file":"D:\\AggregationPipelineDemo\\node_modules\\@babel\\node\\src\\_babel-node.ts","function":null,"line":223,"method":null,"native":false},{"column":14,"file":"node:internal/modules/cjs/loader","function":"Module._compile","line":1254,"method":"_compile","native":false},{"column":10,"file":"node:internal/modules/cjs/loader","function":"Module._extensions..js","line":1308,"method":".js","native":false},{"column":32,"file":"node:internal/modules/cjs/loader","function":"Module.load","line":1117,"method":"load","native":false},{"column":12,"file":"node:internal/modules/cjs/loader","function":"Module._load","line":958,"method":"_load","native":false},{"column":12,"file":"node:internal/modules/run_main","function":"Function.executeUserEntryPoint [as runMain]","line":81,"method":"executeUserEntryPoint [as runMain]","native":false},{"column":47,"file":"node:internal/main/run_main_module","function":null,"line":23,"method":null,"native":false}]}
error: uncaughtException: Router.use() requires a middleware function but got a Object
TypeError: Router.use() requires a middleware function but got a Object
    at Function.use (D:\AggregationPipelineDemo\node_modules\express\lib\router\index.js:469:13)
    at routes (D:\AggregationPipelineDemo\src\routes\/index.js:14:10)
    at Object.<anonymous> (D:\AggregationPipelineDemo\src\/index.js:32:38)
    at Module._compile (node:internal/modules/cjs/loader:1254:14)
    at Module._compile (D:\AggregationPipelineDemo\node_modules\pirates\lib\index.js:136:24)
    at Module._extensions..js (node:internal/modules/cjs/loader:1308:10)
    at Object.newLoader [as .js] (D:\AggregationPipelineDemo\node_modules\pirates\lib\index.js:141:7)
    at Module.load (node:internal/modules/cjs/loader:1117:32)
    at Function.Module._load (node:internal/modules/cjs/loader:958:12)
    at Function.runMain (node:internal/modules/run_main:81:12)
    at Object.<anonymous> (D:\AggregationPipelineDemo\node_modules\@babel\node\src\_babel-node.ts:223:12)
    at Module._compile (node:internal/modules/cjs/loader:1254:14)
    at Object.Module._extensions..js (node:internal/modules/cjs/loader:1308:10)
    at Module.load (node:internal/modules/cjs/loader:1117:32)
    at Function.Module._load (node:internal/modules/cjs/loader:958:12)
    at Function.executeUserEntryPoint [as runMain] (node:internal/modules/run_main:81:12)
    at node:internal/main/run_main_module:23:47 {"date":"Wed May 10 2023 16:15:36 GMT+0530 (India Standard Time)","error":{},"exception":true,"os":{"loadavg":[0,0,0],"uptime":27642.718},"process":{"argv":["node","D:\\AggregationPipelineDemo\\src\\index.js"],"cwd":"D:\\AggregationPipelineDemo","execPath":"C:\\Program Files\\nodejs\\node.exe","gid":null,"memoryUsage":{"arrayBuffers":18760230,"external":20278072,"heapTotal":93290496,"heapUsed":50910440,"rss":130523136},"pid":11124,"uid":null,"version":"v18.16.0"},"stack":"TypeError: Router.use() requires a middleware function but got a Object\n    at Function.use (D:\\AggregationPipelineDemo\\node_modules\\express\\lib\\router\\index.js:469:13)\n    at routes (D:\\AggregationPipelineDemo\\src\\routes\\/index.js:14:10)\n    at Object.<anonymous> (D:\\AggregationPipelineDemo\\src\\/index.js:32:38)\n    at Module._compile (node:internal/modules/cjs/loader:1254:14)\n    at Module._compile (D:\\AggregationPipelineDemo\\node_modules\\pirates\\lib\\index.js:136:24)\n    at Module._extensions..js (node:internal/modules/cjs/loader:1308:10)\n    at Object.newLoader [as .js] (D:\\AggregationPipelineDemo\\node_modules\\pirates\\lib\\index.js:141:7)\n    at Module.load (node:internal/modules/cjs/loader:1117:32)\n    at Function.Module._load (node:internal/modules/cjs/loader:958:12)\n    at Function.runMain (node:internal/modules/run_main:81:12)\n    at Object.<anonymous> (D:\\AggregationPipelineDemo\\node_modules\\@babel\\node\\src\\_babel-node.ts:223:12)\n    at Module._compile (node:internal/modules/cjs/loader:1254:14)\n    at Object.Module._extensions..js (node:internal/modules/cjs/loader:1308:10)\n    at Module.load (node:internal/modules/cjs/loader:1117:32)\n    at Function.Module._load (node:internal/modules/cjs/loader:958:12)\n    at Function.executeUserEntryPoint [as runMain] (node:internal/modules/run_main:81:12)\n    at node:internal/main/run_main_module:23:47","trace":[{"column":13,"file":"D:\\AggregationPipelineDemo\\node_modules\\express\\lib\\router\\index.js","function":"Function.use","line":469,"method":"use","native":false},{"column":10,"file":"D:\\AggregationPipelineDemo\\src\\routes\\/index.js","function":"routes","line":14,"method":null,"native":false},{"column":38,"file":"D:\\AggregationPipelineDemo\\src\\/index.js","function":null,"line":32,"method":null,"native":false},{"column":14,"file":"node:internal/modules/cjs/loader","function":"Module._compile","line":1254,"method":"_compile","native":false},{"column":24,"file":"D:\\AggregationPipelineDemo\\node_modules\\pirates\\lib\\index.js","function":"Module._compile","line":136,"method":"_compile","native":false},{"column":10,"file":"node:internal/modules/cjs/loader","function":"Module._extensions..js","line":1308,"method":".js","native":false},{"column":7,"file":"D:\\AggregationPipelineDemo\\node_modules\\pirates\\lib\\index.js","function":"Object.newLoader [as .js]","line":141,"method":"js]","native":false},{"column":32,"file":"node:internal/modules/cjs/loader","function":"Module.load","line":1117,"method":"load","native":false},{"column":12,"file":"node:internal/modules/cjs/loader","function":"Module._load","line":958,"method":"_load","native":false},{"column":12,"file":"node:internal/modules/run_main","function":"Function.runMain","line":81,"method":"runMain","native":false},{"column":12,"file":"D:\\AggregationPipelineDemo\\node_modules\\@babel\\node\\src\\_babel-node.ts","function":null,"line":223,"method":null,"native":false},{"column":14,"file":"node:internal/modules/cjs/loader","function":"Module._compile","line":1254,"method":"_compile","native":false},{"column":10,"file":"node:internal/modules/cjs/loader","function":"Module._extensions..js","line":1308,"method":".js","native":false},{"column":32,"file":"node:internal/modules/cjs/loader","function":"Module.load","line":1117,"method":"load","native":false},{"column":12,"file":"node:internal/modules/cjs/loader","function":"Module._load","line":958,"method":"_load","native":false},{"column":12,"file":"node:internal/modules/run_main","function":"Function.executeUserEntryPoint [as runMain]","line":81,"method":"executeUserEntryPoint [as runMain]","native":false},{"column":47,"file":"node:internal/main/run_main_module","function":null,"line":23,"method":null,"native":false}]}
error: uncaughtException: Router.use() requires a middleware function but got a Object
TypeError: Router.use() requires a middleware function but got a Object
    at Function.use (D:\AggregationPipelineDemo\node_modules\express\lib\router\index.js:469:13)
    at routes (D:\AggregationPipelineDemo\src\routes\/index.js:16:10)
    at Object.<anonymous> (D:\AggregationPipelineDemo\src\/index.js:32:38)
    at Module._compile (node:internal/modules/cjs/loader:1254:14)
    at Module._compile (D:\AggregationPipelineDemo\node_modules\pirates\lib\index.js:136:24)
    at Module._extensions..js (node:internal/modules/cjs/loader:1308:10)
    at Object.newLoader [as .js] (D:\AggregationPipelineDemo\node_modules\pirates\lib\index.js:141:7)
    at Module.load (node:internal/modules/cjs/loader:1117:32)
    at Function.Module._load (node:internal/modules/cjs/loader:958:12)
    at Function.runMain (node:internal/modules/run_main:81:12)
    at Object.<anonymous> (D:\AggregationPipelineDemo\node_modules\@babel\node\src\_babel-node.ts:223:12)
    at Module._compile (node:internal/modules/cjs/loader:1254:14)
    at Object.Module._extensions..js (node:internal/modules/cjs/loader:1308:10)
    at Module.load (node:internal/modules/cjs/loader:1117:32)
    at Function.Module._load (node:internal/modules/cjs/loader:958:12)
    at Function.executeUserEntryPoint [as runMain] (node:internal/modules/run_main:81:12)
    at node:internal/main/run_main_module:23:47 {"date":"Wed May 10 2023 16:17:24 GMT+0530 (India Standard Time)","error":{},"exception":true,"os":{"loadavg":[0,0,0],"uptime":27751.234},"process":{"argv":["node","D:\\AggregationPipelineDemo\\src\\index.js"],"cwd":"D:\\AggregationPipelineDemo","execPath":"C:\\Program Files\\nodejs\\node.exe","gid":null,"memoryUsage":{"arrayBuffers":18777080,"external":20294922,"heapTotal":93814784,"heapUsed":50896880,"rss":131624960},"pid":11960,"uid":null,"version":"v18.16.0"},"stack":"TypeError: Router.use() requires a middleware function but got a Object\n    at Function.use (D:\\AggregationPipelineDemo\\node_modules\\express\\lib\\router\\index.js:469:13)\n    at routes (D:\\AggregationPipelineDemo\\src\\routes\\/index.js:16:10)\n    at Object.<anonymous> (D:\\AggregationPipelineDemo\\src\\/index.js:32:38)\n    at Module._compile (node:internal/modules/cjs/loader:1254:14)\n    at Module._compile (D:\\AggregationPipelineDemo\\node_modules\\pirates\\lib\\index.js:136:24)\n    at Module._extensions..js (node:internal/modules/cjs/loader:1308:10)\n    at Object.newLoader [as .js] (D:\\AggregationPipelineDemo\\node_modules\\pirates\\lib\\index.js:141:7)\n    at Module.load (node:internal/modules/cjs/loader:1117:32)\n    at Function.Module._load (node:internal/modules/cjs/loader:958:12)\n    at Function.runMain (node:internal/modules/run_main:81:12)\n    at Object.<anonymous> (D:\\AggregationPipelineDemo\\node_modules\\@babel\\node\\src\\_babel-node.ts:223:12)\n    at Module._compile (node:internal/modules/cjs/loader:1254:14)\n    at Object.Module._extensions..js (node:internal/modules/cjs/loader:1308:10)\n    at Module.load (node:internal/modules/cjs/loader:1117:32)\n    at Function.Module._load (node:internal/modules/cjs/loader:958:12)\n    at Function.executeUserEntryPoint [as runMain] (node:internal/modules/run_main:81:12)\n    at node:internal/main/run_main_module:23:47","trace":[{"column":13,"file":"D:\\AggregationPipelineDemo\\node_modules\\express\\lib\\router\\index.js","function":"Function.use","line":469,"method":"use","native":false},{"column":10,"file":"D:\\AggregationPipelineDemo\\src\\routes\\/index.js","function":"routes","line":16,"method":null,"native":false},{"column":38,"file":"D:\\AggregationPipelineDemo\\src\\/index.js","function":null,"line":32,"method":null,"native":false},{"column":14,"file":"node:internal/modules/cjs/loader","function":"Module._compile","line":1254,"method":"_compile","native":false},{"column":24,"file":"D:\\AggregationPipelineDemo\\node_modules\\pirates\\lib\\index.js","function":"Module._compile","line":136,"method":"_compile","native":false},{"column":10,"file":"node:internal/modules/cjs/loader","function":"Module._extensions..js","line":1308,"method":".js","native":false},{"column":7,"file":"D:\\AggregationPipelineDemo\\node_modules\\pirates\\lib\\index.js","function":"Object.newLoader [as .js]","line":141,"method":"js]","native":false},{"column":32,"file":"node:internal/modules/cjs/loader","function":"Module.load","line":1117,"method":"load","native":false},{"column":12,"file":"node:internal/modules/cjs/loader","function":"Module._load","line":958,"method":"_load","native":false},{"column":12,"file":"node:internal/modules/run_main","function":"Function.runMain","line":81,"method":"runMain","native":false},{"column":12,"file":"D:\\AggregationPipelineDemo\\node_modules\\@babel\\node\\src\\_babel-node.ts","function":null,"line":223,"method":null,"native":false},{"column":14,"file":"node:internal/modules/cjs/loader","function":"Module._compile","line":1254,"method":"_compile","native":false},{"column":10,"file":"node:internal/modules/cjs/loader","function":"Module._extensions..js","line":1308,"method":".js","native":false},{"column":32,"file":"node:internal/modules/cjs/loader","function":"Module.load","line":1117,"method":"load","native":false},{"column":12,"file":"node:internal/modules/cjs/loader","function":"Module._load","line":958,"method":"_load","native":false},{"column":12,"file":"node:internal/modules/run_main","function":"Function.executeUserEntryPoint [as runMain]","line":81,"method":"executeUserEntryPoint [as runMain]","native":false},{"column":47,"file":"node:internal/main/run_main_module","function":null,"line":23,"method":null,"native":false}]}
error: uncaughtException: Router.use() requires a middleware function but got a Object
TypeError: Router.use() requires a middleware function but got a Object
    at Function.use (D:\AggregationPipelineDemo\node_modules\express\lib\router\index.js:469:13)
    at routes (D:\AggregationPipelineDemo\src\routes\/index.js:16:10)
    at Object.<anonymous> (D:\AggregationPipelineDemo\src\/index.js:32:38)
    at Module._compile (node:internal/modules/cjs/loader:1254:14)
    at Module._compile (D:\AggregationPipelineDemo\node_modules\pirates\lib\index.js:136:24)
    at Module._extensions..js (node:internal/modules/cjs/loader:1308:10)
    at Object.newLoader [as .js] (D:\AggregationPipelineDemo\node_modules\pirates\lib\index.js:141:7)
    at Module.load (node:internal/modules/cjs/loader:1117:32)
    at Function.Module._load (node:internal/modules/cjs/loader:958:12)
    at Function.runMain (node:internal/modules/run_main:81:12)
    at Object.<anonymous> (D:\AggregationPipelineDemo\node_modules\@babel\node\src\_babel-node.ts:223:12)
    at Module._compile (node:internal/modules/cjs/loader:1254:14)
    at Object.Module._extensions..js (node:internal/modules/cjs/loader:1308:10)
    at Module.load (node:internal/modules/cjs/loader:1117:32)
    at Function.Module._load (node:internal/modules/cjs/loader:958:12)
    at Function.executeUserEntryPoint [as runMain] (node:internal/modules/run_main:81:12)
    at node:internal/main/run_main_module:23:47 {"date":"Wed May 10 2023 16:17:44 GMT+0530 (India Standard Time)","error":{},"exception":true,"os":{"loadavg":[0,0,0],"uptime":27771.375},"process":{"argv":["node","D:\\AggregationPipelineDemo\\src\\index.js"],"cwd":"D:\\AggregationPipelineDemo","execPath":"C:\\Program Files\\nodejs\\node.exe","gid":null,"memoryUsage":{"arrayBuffers":18760228,"external":20278070,"heapTotal":93552640,"heapUsed":50846048,"rss":130510848},"pid":1188,"uid":null,"version":"v18.16.0"},"stack":"TypeError: Router.use() requires a middleware function but got a Object\n    at Function.use (D:\\AggregationPipelineDemo\\node_modules\\express\\lib\\router\\index.js:469:13)\n    at routes (D:\\AggregationPipelineDemo\\src\\routes\\/index.js:16:10)\n    at Object.<anonymous> (D:\\AggregationPipelineDemo\\src\\/index.js:32:38)\n    at Module._compile (node:internal/modules/cjs/loader:1254:14)\n    at Module._compile (D:\\AggregationPipelineDemo\\node_modules\\pirates\\lib\\index.js:136:24)\n    at Module._extensions..js (node:internal/modules/cjs/loader:1308:10)\n    at Object.newLoader [as .js] (D:\\AggregationPipelineDemo\\node_modules\\pirates\\lib\\index.js:141:7)\n    at Module.load (node:internal/modules/cjs/loader:1117:32)\n    at Function.Module._load (node:internal/modules/cjs/loader:958:12)\n    at Function.runMain (node:internal/modules/run_main:81:12)\n    at Object.<anonymous> (D:\\AggregationPipelineDemo\\node_modules\\@babel\\node\\src\\_babel-node.ts:223:12)\n    at Module._compile (node:internal/modules/cjs/loader:1254:14)\n    at Object.Module._extensions..js (node:internal/modules/cjs/loader:1308:10)\n    at Module.load (node:internal/modules/cjs/loader:1117:32)\n    at Function.Module._load (node:internal/modules/cjs/loader:958:12)\n    at Function.executeUserEntryPoint [as runMain] (node:internal/modules/run_main:81:12)\n    at node:internal/main/run_main_module:23:47","trace":[{"column":13,"file":"D:\\AggregationPipelineDemo\\node_modules\\express\\lib\\router\\index.js","function":"Function.use","line":469,"method":"use","native":false},{"column":10,"file":"D:\\AggregationPipelineDemo\\src\\routes\\/index.js","function":"routes","line":16,"method":null,"native":false},{"column":38,"file":"D:\\AggregationPipelineDemo\\src\\/index.js","function":null,"line":32,"method":null,"native":false},{"column":14,"file":"node:internal/modules/cjs/loader","function":"Module._compile","line":1254,"method":"_compile","native":false},{"column":24,"file":"D:\\AggregationPipelineDemo\\node_modules\\pirates\\lib\\index.js","function":"Module._compile","line":136,"method":"_compile","native":false},{"column":10,"file":"node:internal/modules/cjs/loader","function":"Module._extensions..js","line":1308,"method":".js","native":false},{"column":7,"file":"D:\\AggregationPipelineDemo\\node_modules\\pirates\\lib\\index.js","function":"Object.newLoader [as .js]","line":141,"method":"js]","native":false},{"column":32,"file":"node:internal/modules/cjs/loader","function":"Module.load","line":1117,"method":"load","native":false},{"column":12,"file":"node:internal/modules/cjs/loader","function":"Module._load","line":958,"method":"_load","native":false},{"column":12,"file":"node:internal/modules/run_main","function":"Function.runMain","line":81,"method":"runMain","native":false},{"column":12,"file":"D:\\AggregationPipelineDemo\\node_modules\\@babel\\node\\src\\_babel-node.ts","function":null,"line":223,"method":null,"native":false},{"column":14,"file":"node:internal/modules/cjs/loader","function":"Module._compile","line":1254,"method":"_compile","native":false},{"column":10,"file":"node:internal/modules/cjs/loader","function":"Module._extensions..js","line":1308,"method":".js","native":false},{"column":32,"file":"node:internal/modules/cjs/loader","function":"Module.load","line":1117,"method":"load","native":false},{"column":12,"file":"node:internal/modules/cjs/loader","function":"Module._load","line":958,"method":"_load","native":false},{"column":12,"file":"node:internal/modules/run_main","function":"Function.executeUserEntryPoint [as runMain]","line":81,"method":"executeUserEntryPoint [as runMain]","native":false},{"column":47,"file":"node:internal/main/run_main_module","function":null,"line":23,"method":null,"native":false}]}
error: uncaughtException: Router.use() requires a middleware function but got a Object
TypeError: Router.use() requires a middleware function but got a Object
    at Function.use (D:\AggregationPipelineDemo\node_modules\express\lib\router\index.js:469:13)
    at routes (D:\AggregationPipelineDemo\src\routes\/index.js:16:10)
    at Object.<anonymous> (D:\AggregationPipelineDemo\src\/index.js:32:38)
    at Module._compile (node:internal/modules/cjs/loader:1254:14)
    at Module._compile (D:\AggregationPipelineDemo\node_modules\pirates\lib\index.js:136:24)
    at Module._extensions..js (node:internal/modules/cjs/loader:1308:10)
    at Object.newLoader [as .js] (D:\AggregationPipelineDemo\node_modules\pirates\lib\index.js:141:7)
    at Module.load (node:internal/modules/cjs/loader:1117:32)
    at Function.Module._load (node:internal/modules/cjs/loader:958:12)
    at Function.runMain (node:internal/modules/run_main:81:12)
    at Object.<anonymous> (D:\AggregationPipelineDemo\node_modules\@babel\node\src\_babel-node.ts:223:12)
    at Module._compile (node:internal/modules/cjs/loader:1254:14)
    at Object.Module._extensions..js (node:internal/modules/cjs/loader:1308:10)
    at Module.load (node:internal/modules/cjs/loader:1117:32)
    at Function.Module._load (node:internal/modules/cjs/loader:958:12)
    at Function.executeUserEntryPoint [as runMain] (node:internal/modules/run_main:81:12)
    at node:internal/main/run_main_module:23:47 {"date":"Wed May 10 2023 16:18:57 GMT+0530 (India Standard Time)","error":{},"exception":true,"os":{"loadavg":[0,0,0],"uptime":27844.187},"process":{"argv":["node","D:\\AggregationPipelineDemo\\src\\index.js"],"cwd":"D:\\AggregationPipelineDemo","execPath":"C:\\Program Files\\nodejs\\node.exe","gid":null,"memoryUsage":{"arrayBuffers":18453755,"external":19971597,"heapTotal":89620480,"heapUsed":50293288,"rss":126418944},"pid":5996,"uid":null,"version":"v18.16.0"},"stack":"TypeError: Router.use() requires a middleware function but got a Object\n    at Function.use (D:\\AggregationPipelineDemo\\node_modules\\express\\lib\\router\\index.js:469:13)\n    at routes (D:\\AggregationPipelineDemo\\src\\routes\\/index.js:16:10)\n    at Object.<anonymous> (D:\\AggregationPipelineDemo\\src\\/index.js:32:38)\n    at Module._compile (node:internal/modules/cjs/loader:1254:14)\n    at Module._compile (D:\\AggregationPipelineDemo\\node_modules\\pirates\\lib\\index.js:136:24)\n    at Module._extensions..js (node:internal/modules/cjs/loader:1308:10)\n    at Object.newLoader [as .js] (D:\\AggregationPipelineDemo\\node_modules\\pirates\\lib\\index.js:141:7)\n    at Module.load (node:internal/modules/cjs/loader:1117:32)\n    at Function.Module._load (node:internal/modules/cjs/loader:958:12)\n    at Function.runMain (node:internal/modules/run_main:81:12)\n    at Object.<anonymous> (D:\\AggregationPipelineDemo\\node_modules\\@babel\\node\\src\\_babel-node.ts:223:12)\n    at Module._compile (node:internal/modules/cjs/loader:1254:14)\n    at Object.Module._extensions..js (node:internal/modules/cjs/loader:1308:10)\n    at Module.load (node:internal/modules/cjs/loader:1117:32)\n    at Function.Module._load (node:internal/modules/cjs/loader:958:12)\n    at Function.executeUserEntryPoint [as runMain] (node:internal/modules/run_main:81:12)\n    at node:internal/main/run_main_module:23:47","trace":[{"column":13,"file":"D:\\AggregationPipelineDemo\\node_modules\\express\\lib\\router\\index.js","function":"Function.use","line":469,"method":"use","native":false},{"column":10,"file":"D:\\AggregationPipelineDemo\\src\\routes\\/index.js","function":"routes","line":16,"method":null,"native":false},{"column":38,"file":"D:\\AggregationPipelineDemo\\src\\/index.js","function":null,"line":32,"method":null,"native":false},{"column":14,"file":"node:internal/modules/cjs/loader","function":"Module._compile","line":1254,"method":"_compile","native":false},{"column":24,"file":"D:\\AggregationPipelineDemo\\node_modules\\pirates\\lib\\index.js","function":"Module._compile","line":136,"method":"_compile","native":false},{"column":10,"file":"node:internal/modules/cjs/loader","function":"Module._extensions..js","line":1308,"method":".js","native":false},{"column":7,"file":"D:\\AggregationPipelineDemo\\node_modules\\pirates\\lib\\index.js","function":"Object.newLoader [as .js]","line":141,"method":"js]","native":false},{"column":32,"file":"node:internal/modules/cjs/loader","function":"Module.load","line":1117,"method":"load","native":false},{"column":12,"file":"node:internal/modules/cjs/loader","function":"Module._load","line":958,"method":"_load","native":false},{"column":12,"file":"node:internal/modules/run_main","function":"Function.runMain","line":81,"method":"runMain","native":false},{"column":12,"file":"D:\\AggregationPipelineDemo\\node_modules\\@babel\\node\\src\\_babel-node.ts","function":null,"line":223,"method":null,"native":false},{"column":14,"file":"node:internal/modules/cjs/loader","function":"Module._compile","line":1254,"method":"_compile","native":false},{"column":10,"file":"node:internal/modules/cjs/loader","function":"Module._extensions..js","line":1308,"method":".js","native":false},{"column":32,"file":"node:internal/modules/cjs/loader","function":"Module.load","line":1117,"method":"load","native":false},{"column":12,"file":"node:internal/modules/cjs/loader","function":"Module._load","line":958,"method":"_load","native":false},{"column":12,"file":"node:internal/modules/run_main","function":"Function.executeUserEntryPoint [as runMain]","line":81,"method":"executeUserEntryPoint [as runMain]","native":false},{"column":47,"file":"node:internal/main/run_main_module","function":null,"line":23,"method":null,"native":false}]}
info: ::1 - - [10/May/2023:10:52:46 +0000] "GET /api/v1/orders HTTP/1.1" 200 175 "-" "PostmanRuntime/7.32.2"

info: ::1 - - [10/May/2023:11:11:58 +0000] "POST /api/v1/users HTTP/1.1" 201 366 "-" "PostmanRuntime/7.32.2"

info: ::1 - - [10/May/2023:11:12:06 +0000] "POST /api/v1/users/login HTTP/1.1" 400 68 "-" "PostmanRuntime/7.32.2"

info: ::1 - - [10/May/2023:11:13:50 +0000] "POST /api/v1/users/login HTTP/1.1" 200 250 "-" "PostmanRuntime/7.32.2"

info: ::1 - - [10/May/2023:11:14:08 +0000] "GET /api/v1/orders HTTP/1.1" 200 175 "-" "PostmanRuntime/7.32.2"

info: ::1 - - [10/May/2023:18:46:38 +0000] "POST /api/v1/cities HTTP/1.1" 201 264 "-" "PostmanRuntime/7.32.2"

info: ::1 - - [10/May/2023:18:47:20 +0000] "POST /api/v1/cities HTTP/1.1" 201 258 "-" "PostmanRuntime/7.32.2"

info: ::1 - - [10/May/2023:18:47:38 +0000] "POST /api/v1/cities HTTP/1.1" 201 262 "-" "PostmanRuntime/7.32.2"

info: ::1 - - [10/May/2023:18:47:55 +0000] "POST /api/v1/cities HTTP/1.1" 201 260 "-" "PostmanRuntime/7.32.2"

info: ::1 - - [10/May/2023:18:48:11 +0000] "POST /api/v1/cities HTTP/1.1" 201 261 "-" "PostmanRuntime/7.32.2"

info: ::1 - - [10/May/2023:18:48:26 +0000] "POST /api/v1/cities HTTP/1.1" 201 258 "-" "PostmanRuntime/7.32.2"

info: ::1 - - [10/May/2023:18:48:39 +0000] "POST /api/v1/cities HTTP/1.1" 201 260 "-" "PostmanRuntime/7.32.2"

info: ::1 - - [10/May/2023:18:48:53 +0000] "POST /api/v1/cities HTTP/1.1" 201 256 "-" "PostmanRuntime/7.32.2"

info: ::1 - - [10/May/2023:18:49:07 +0000] "POST /api/v1/cities HTTP/1.1" 201 261 "-" "PostmanRuntime/7.32.2"

info: ::1 - - [10/May/2023:18:49:21 +0000] "POST /api/v1/cities HTTP/1.1" 201 263 "-" "PostmanRuntime/7.32.2"

info: ::1 - - [10/May/2023:18:49:39 +0000] "POST /api/v1/cities HTTP/1.1" 201 277 "-" "PostmanRuntime/7.32.2"

info: ::1 - - [10/May/2023:18:49:52 +0000] "POST /api/v1/cities HTTP/1.1" 201 272 "-" "PostmanRuntime/7.32.2"

info: ::1 - - [10/May/2023:18:50:23 +0000] "POST /api/v1/cities HTTP/1.1" 201 274 "-" "PostmanRuntime/7.32.2"

info: ::1 - - [10/May/2023:18:50:36 +0000] "POST /api/v1/cities HTTP/1.1" 201 258 "-" "PostmanRuntime/7.32.2"

info: ::1 - - [10/May/2023:18:50:49 +0000] "POST /api/v1/cities HTTP/1.1" 201 278 "-" "PostmanRuntime/7.32.2"

info: ::1 - - [10/May/2023:18:51:13 +0000] "POST /api/v1/cities HTTP/1.1" 201 260 "-" "PostmanRuntime/7.32.2"

info: ::1 - - [10/May/2023:18:51:25 +0000] "POST /api/v1/cities HTTP/1.1" 201 278 "-" "PostmanRuntime/7.32.2"

info: ::1 - - [10/May/2023:18:51:37 +0000] "POST /api/v1/cities HTTP/1.1" 201 265 "-" "PostmanRuntime/7.32.2"

info: ::1 - - [10/May/2023:18:51:47 +0000] "POST /api/v1/cities HTTP/1.1" 201 262 "-" "PostmanRuntime/7.32.2"

info: ::1 - - [10/May/2023:18:51:52 +0000] "POST /api/v1/cities HTTP/1.1" 201 264 "-" "PostmanRuntime/7.32.2"

info: ::1 - - [10/May/2023:18:57:08 +0000] "GET /api/v1/cities HTTP/1.1" 201 4096 "-" "PostmanRuntime/7.32.2"

info: ::1 - - [10/May/2023:19:01:56 +0000] "GET /api/v1/cities HTTP/1.1" 201 491 "-" "PostmanRuntime/7.32.2"

info: ::1 - - [10/May/2023:19:05:10 +0000] "GET /api/v1/cities HTTP/1.1" 201 2861 "-" "PostmanRuntime/7.32.2"

info: ::1 - - [10/May/2023:19:10:00 +0000] "GET /api/v1/cities/sort HTTP/1.1" 201 4099 "-" "PostmanRuntime/7.32.2"

info: ::1 - - [10/May/2023:19:37:51 +0000] "GET /api/v1/cities/group HTTP/1.1" 200 166 "-" "PostmanRuntime/7.32.2"

info: ::1 - - [10/May/2023:19:38:11 +0000] "GET /api/v1/cities/sort HTTP/1.1" 202 4099 "-" "PostmanRuntime/7.32.2"

info: ::1 - - [10/May/2023:19:39:24 +0000] "GET /api/v1/cities/sort HTTP/1.1" 202 4099 "-" "PostmanRuntime/7.32.2"

info: ::1 - - [11/May/2023:05:32:52 +0000] "GET /api/v1/cities/sort HTTP/1.1" 202 4099 "-" "PostmanRuntime/7.32.2"

info: ::1 - - [11/May/2023:05:33:49 +0000] "GET /api/v1/cities/sort HTTP/1.1" 202 494 "-" "PostmanRuntime/7.32.2"

info: ::1 - - [11/May/2023:05:36:22 +0000] "GET /api/v1/cities/group HTTP/1.1" 200 166 "-" "PostmanRuntime/7.32.2"

info: ::1 - - [11/May/2023:05:41:15 +0000] "GET /api/v1/cities/group HTTP/1.1" 200 806 "-" "PostmanRuntime/7.32.2"

info: ::1 - - [11/May/2023:05:53:24 +0000] "GET /api/v1/cities/group HTTP/1.1" 200 1843 "-" "PostmanRuntime/7.32.2"

info: ::1 - - [11/May/2023:05:55:04 +0000] "GET /api/v1/cities/group HTTP/1.1" 200 1843 "-" "PostmanRuntime/7.32.2"

info: ::1 - - [11/May/2023:05:55:20 +0000] "GET /api/v1/cities/group HTTP/1.1" 200 1843 "-" "PostmanRuntime/7.32.2"

info: ::1 - - [11/May/2023:05:55:28 +0000] "GET /api/v1/cities/group HTTP/1.1" 200 1843 "-" "PostmanRuntime/7.32.2"

info: ::1 - - [11/May/2023:05:55:30 +0000] "GET /api/v1/cities/group HTTP/1.1" 200 1843 "-" "PostmanRuntime/7.32.2"

info: ::1 - - [11/May/2023:05:56:39 +0000] "GET /api/v1/cities/group HTTP/1.1" 200 1843 "-" "PostmanRuntime/7.32.2"

info: ::1 - - [11/May/2023:05:56:55 +0000] "GET /api/v1/cities/group HTTP/1.1" 200 1843 "-" "PostmanRuntime/7.32.2"

info: ::1 - - [11/May/2023:05:57:00 +0000] "GET /api/v1/cities/group HTTP/1.1" 200 1843 "-" "PostmanRuntime/7.32.2"

info: ::1 - - [11/May/2023:05:57:02 +0000] "GET /api/v1/cities/group HTTP/1.1" 200 1843 "-" "PostmanRuntime/7.32.2"

info: ::1 - - [11/May/2023:05:57:04 +0000] "GET /api/v1/cities/group HTTP/1.1" 200 1843 "-" "PostmanRuntime/7.32.2"

info: ::1 - - [11/May/2023:05:57:06 +0000] "GET /api/v1/cities/group HTTP/1.1" 200 1843 "-" "PostmanRuntime/7.32.2"

info: ::1 - - [11/May/2023:05:57:07 +0000] "GET /api/v1/cities/group HTTP/1.1" 200 1843 "-" "PostmanRuntime/7.32.2"

info: ::1 - - [11/May/2023:06:08:39 +0000] "GET /api/v1/cities/group HTTP/1.1" 200 1843 "-" "PostmanRuntime/7.32.2"

info: ::1 - - [11/May/2023:06:08:54 +0000] "GET /api/v1/cities/project HTTP/1.1" 200 1982 "-" "PostmanRuntime/7.32.2"

info: ::1 - - [11/May/2023:06:27:39 +0000] "GET /api/v1/cities/allStages HTTP/1.1" 200 2863 "-" "PostmanRuntime/7.32.2"

info: ::1 - - [11/May/2023:06:30:24 +0000] "GET /api/v1/cities/allStages HTTP/1.1" 200 2863 "-" "PostmanRuntime/7.32.2"

info: ::1 - - [11/May/2023:06:37:24 +0000] "GET /api/v1/cities/allStages HTTP/1.1" 200 975 "-" "PostmanRuntime/7.32.2"

info: ::1 - - [11/May/2023:06:38:09 +0000] "GET /api/v1/cities/allStages HTTP/1.1" 200 1007 "-" "PostmanRuntime/7.32.2"

info: ::1 - - [11/May/2023:11:37:38 +0000] "GET /api/v1/cities/match HTTP/1.1" 200 4100 "-" "PostmanRuntime/7.32.2"

info: ::1 - - [11/May/2023:11:38:14 +0000] "GET /api/v1/cities/match HTTP/1.1" 200 2865 "-" "PostmanRuntime/7.32.2"

info: ::1 - - [11/May/2023:11:38:31 +0000] "GET /api/v1/cities/match HTTP/1.1" 200 2865 "-" "PostmanRuntime/7.32.2"

info: ::1 - - [11/May/2023:11:39:55 +0000] "GET /api/v1/cities/sort HTTP/1.1" 202 494 "-" "PostmanRuntime/7.32.2"

info: ::1 - - [11/May/2023:11:41:22 +0000] "GET /api/v1/cities/group HTTP/1.1" 200 166 "-" "PostmanRuntime/7.32.2"

info: ::1 - - [11/May/2023:11:42:14 +0000] "GET /api/v1/cities/group HTTP/1.1" 200 806 "-" "PostmanRuntime/7.32.2"

info: ::1 - - [11/May/2023:11:44:14 +0000] "GET /api/v1/cities/group HTTP/1.1" 200 1843 "-" "PostmanRuntime/7.32.2"

info: ::1 - - [11/May/2023:11:46:03 +0000] "GET /api/v1/cities/group HTTP/1.1" 200 1843 "-" "PostmanRuntime/7.32.2"

info: ::1 - - [11/May/2023:11:47:21 +0000] "GET /api/v1/cities/match HTTP/1.1" 200 495 "-" "PostmanRuntime/7.32.2"

info: ::1 - - [11/May/2023:11:48:41 +0000] "GET /api/v1/cities/match HTTP/1.1" 200 2439 "-" "PostmanRuntime/7.32.2"

info: ::1 - - [11/May/2023:11:49:28 +0000] "GET /api/v1/cities/group HTTP/1.1" 200 1843 "-" "PostmanRuntime/7.32.2"

info: ::1 - - [12/May/2023:02:20:42 +0000] "GET /api/v1/cities/allStages HTTP/1.1" 200 68 "-" "PostmanRuntime/7.32.2"

info: ::1 - - [12/May/2023:02:21:15 +0000] "GET /api/v1/cities/allStages HTTP/1.1" 200 68 "-" "PostmanRuntime/7.32.2"

info: ::1 - - [12/May/2023:02:22:04 +0000] "GET /api/v1/cities/allStages HTTP/1.1" 200 68 "-" "PostmanRuntime/7.32.2"

info: ::1 - - [12/May/2023:02:22:33 +0000] "GET /api/v1/cities/allStages HTTP/1.1" 200 68 "-" "PostmanRuntime/7.32.2"

info: ::1 - - [12/May/2023:02:23:15 +0000] "GET /api/v1/cities/allStages HTTP/1.1" 200 68 "-" "PostmanRuntime/7.32.2"

info: ::1 - - [12/May/2023:02:23:49 +0000] "GET /api/v1/cities/allStages HTTP/1.1" 200 68 "-" "PostmanRuntime/7.32.2"

info: ::1 - - [12/May/2023:02:25:19 +0000] "GET /api/v1/cities/allStages HTTP/1.1" 200 68 "-" "PostmanRuntime/7.32.2"

info: ::1 - - [12/May/2023:02:25:57 +0000] "GET /api/v1/cities/allStages HTTP/1.1" 200 2863 "-" "PostmanRuntime/7.32.2"

info: ::1 - - [12/May/2023:03:13:09 +0000] "GET /api/v1/cities/project HTTP/1.1" 200 1982 "-" "PostmanRuntime/7.32.2"

info: ::1 - - [12/May/2023:03:13:20 +0000] "GET /api/v1/cities/project HTTP/1.1" 200 1982 "-" "PostmanRuntime/7.32.2"

info: ::1 - - [12/May/2023:03:14:37 +0000] "GET /api/v1/cities/allStages HTTP/1.1" 200 1007 "-" "PostmanRuntime/7.32.2"

info: ::1 - - [12/May/2023:03:26:46 +0000] "GET /api/v1/cities/project HTTP/1.1" 200 1982 "-" "PostmanRuntime/7.32.2"

info: ::1 - - [12/May/2023:03:28:13 +0000] "GET /api/v1/cities/allStages HTTP/1.1" 200 1007 "-" "PostmanRuntime/7.32.2"

info: ::1 - - [12/May/2023:03:28:59 +0000] "GET /api/v1/cities/allStages HTTP/1.1" 200 68 "-" "PostmanRuntime/7.32.2"

info: ::1 - - [12/May/2023:03:29:25 +0000] "GET /api/v1/cities/allStages HTTP/1.1" 200 2863 "-" "PostmanRuntime/7.32.2"

info: ::1 - - [12/May/2023:03:30:38 +0000] "GET /api/v1/cities/allStages HTTP/1.1" 200 1010 "-" "PostmanRuntime/7.32.2"

info: ::1 - - [12/May/2023:03:31:50 +0000] "GET /api/v1/cities/allStages HTTP/1.1" 200 68 "-" "PostmanRuntime/7.32.2"

info: ::1 - - [15/May/2023:02:50:25 +0000] "GET /api/v1/cities/allStages HTTP/1.1" 200 68 "-" "PostmanRuntime/7.32.2"

info: ::1 - - [15/May/2023:02:50:56 +0000] "GET /api/v1/cities/allStages HTTP/1.1" 200 1142 "-" "PostmanRuntime/7.32.2"

info: ::1 - - [15/May/2023:10:06:16 +0000] "GET /api/v1/cities/sort HTTP/1.1" 202 494 "-" "PostmanRuntime/7.32.2"

info: ::1 - - [15/May/2023:10:06:41 +0000] "GET /api/v1/cities/sort HTTP/1.1" 202 494 "-" "PostmanRuntime/7.32.2"

info: ::1 - - [15/May/2023:10:07:11 +0000] "GET /api/v1/cities/sort HTTP/1.1" 202 666 "-" "PostmanRuntime/7.32.2"

info: ::1 - - [15/May/2023:10:07:28 +0000] "GET /api/v1/cities/sort HTTP/1.1" 202 270 "-" "PostmanRuntime/7.32.2"

info: ::1 - - [15/May/2023:10:07:43 +0000] "GET /api/v1/cities/sort HTTP/1.1" 202 270 "-" "PostmanRuntime/7.32.2"

info: ::1 - - [15/May/2023:10:07:45 +0000] "GET /api/v1/cities/sort HTTP/1.1" 202 270 "-" "PostmanRuntime/7.32.2"

info: ::1 - - [15/May/2023:10:15:45 +0000] "GET /api/v1/cities/sort HTTP/1.1" 202 104 "-" "PostmanRuntime/7.32.2"

info: ::1 - - [15/May/2023:10:17:19 +0000] "GET /api/v1/cities/match HTTP/1.1" 200 105 "-" "PostmanRuntime/7.32.2"

info: ::1 - - [15/May/2023:17:19:49 +0000] "GET /api/v1/cities/project HTTP/1.1" 200 2642 "-" "PostmanRuntime/7.32.2"

info: ::1 - - [15/May/2023:17:20:23 +0000] "GET /api/v1/cities/project HTTP/1.1" 200 321 "-" "PostmanRuntime/7.32.2"

info: ::1 - - [15/May/2023:17:20:58 +0000] "GET /api/v1/cities/project HTTP/1.1" 200 255 "-" "PostmanRuntime/7.32.2"

info: ::1 - - [15/May/2023:17:29:33 +0000] "GET /api/v1/cities/sort HTTP/1.1" 400 148 "-" "PostmanRuntime/7.32.2"

info: ::1 - - [15/May/2023:17:52:54 +0000] "GET /api/v1/cities/sort HTTP/1.1" 202 264 "-" "PostmanRuntime/7.32.2"

info: ::1 - - [15/May/2023:17:53:57 +0000] "GET /api/v1/cities/sort HTTP/1.1" 202 264 "-" "PostmanRuntime/7.32.2"

info: ::1 - - [15/May/2023:17:54:23 +0000] "GET /api/v1/cities/sort HTTP/1.1" 202 263 "-" "PostmanRuntime/7.32.2"

info: ::1 - - [15/May/2023:17:54:26 +0000] "GET /api/v1/cities/sort HTTP/1.1" 202 263 "-" "PostmanRuntime/7.32.2"

info: ::1 - - [15/May/2023:17:54:50 +0000] "GET /api/v1/cities/sort HTTP/1.1" 202 3985 "-" "PostmanRuntime/7.32.2"

info: ::1 - - [15/May/2023:17:54:52 +0000] "GET /api/v1/cities/sort HTTP/1.1" 202 3985 "-" "PostmanRuntime/7.32.2"

info: ::1 - - [15/May/2023:18:00:42 +0000] "GET /api/v1/cities/match HTTP/1.1" 400 149 "-" "PostmanRuntime/7.32.2"

info: ::1 - - [15/May/2023:18:01:42 +0000] "GET /api/v1/cities/sort HTTP/1.1" 202 3985 "-" "PostmanRuntime/7.32.2"

info: ::1 - - [15/May/2023:18:01:45 +0000] "GET /api/v1/cities/sort HTTP/1.1" 202 3985 "-" "PostmanRuntime/7.32.2"

info: ::1 - - [15/May/2023:18:01:51 +0000] "GET /api/v1/cities/sort HTTP/1.1" 202 3985 "-" "PostmanRuntime/7.32.2"

info: ::1 - - [15/May/2023:18:02:33 +0000] "GET /api/v1/cities/sort HTTP/1.1" 202 4459 "-" "PostmanRuntime/7.32.2"

info: ::1 - - [15/May/2023:18:07:47 +0000] "GET /api/v1/cities/sort HTTP/1.1" 202 3968 "-" "PostmanRuntime/7.32.2"

info: ::1 - - [15/May/2023:18:13:32 +0000] "GET /api/v1/cities/sort HTTP/1.1" 202 4339 "-" "PostmanRuntime/7.32.2"

info: ::1 - - [15/May/2023:18:14:59 +0000] "GET /api/v1/cities/sort HTTP/1.1" 202 4339 "-" "PostmanRuntime/7.32.2"

info: ::1 - - [15/May/2023:18:16:33 +0000] "GET /api/v1/cities/sort HTTP/1.1" 202 282 "-" "PostmanRuntime/7.32.2"

info: ::1 - - [15/May/2023:18:22:22 +0000] "GET /api/v1/cities/sort HTTP/1.1" 202 282 "-" "PostmanRuntime/7.32.2"

info: ::1 - - [15/May/2023:18:22:51 +0000] "GET /api/v1/cities/sort HTTP/1.1" 202 282 "-" "PostmanRuntime/7.32.2"

info: ::1 - - [15/May/2023:18:31:35 +0000] "GET /api/v1/cities/allStages HTTP/1.1" 200 68 "-" "PostmanRuntime/7.32.2"

